This file contains any messages produced by compilers while
running configure, to aid debugging if configure makes a mistake.

It was created by i3 configure 4.16.1, which was
generated by GNU Autoconf 2.69.  Invocation command line was

  $ ../configure --prefix=/usr --sysconfdir=/etc --disable-sanitizers

## --------- ##
## Platform. ##
## --------- ##

hostname = MacBook-Pro
uname -m = x86_64
uname -r = 5.3.0-28-generic
uname -s = Linux
uname -v = #30~18.04.1-Ubuntu SMP Fri Jan 17 06:14:09 UTC 2020

/usr/bin/uname -p = unknown
/bin/uname -X     = unknown

/bin/arch              = unknown
/usr/bin/arch -k       = unknown
/usr/convex/getsysinfo = unknown
/usr/bin/hostinfo      = unknown
/bin/machine           = unknown
/usr/bin/oslevel       = unknown
/bin/universe          = unknown

PATH: /usr/local/sbin
PATH: /usr/local/bin
PATH: /usr/sbin
PATH: /usr/bin
PATH: /sbin
PATH: /bin
PATH: /usr/games
PATH: /usr/local/games


## ----------- ##
## Core tests. ##
## ----------- ##

configure:2430: checking build system type
configure:2444: result: x86_64-pc-linux-gnu
configure:2464: checking host system type
configure:2477: result: x86_64-pc-linux-gnu
configure:2497: checking target system type
configure:2510: result: x86_64-pc-linux-gnu
configure:2598: checking for gsed
configure:2629: result: sed
configure:2656: checking for a BSD-compatible install
configure:2724: result: /usr/bin/install -c
configure:2735: checking whether build environment is sane
configure:2790: result: yes
configure:2938: checking for a thread-safe mkdir -p
configure:2977: result: /bin/mkdir -p
configure:2984: checking for gawk
configure:3000: found /usr/bin/gawk
configure:3011: result: gawk
configure:3022: checking whether make sets $(MAKE)
configure:3044: result: yes
configure:3073: checking whether make supports nested variables
configure:3090: result: yes
configure:3228: checking whether make supports nested variables
configure:3245: result: yes
configure:3259: checking whether to enable maintainer-specific portions of Makefiles
configure:3268: result: yes
configure:3295: checking for gawk
configure:3322: result: gawk
configure:3333: checking for GNU make
configure:3349: result: make
configure:3443: checking for a sed that does not truncate output
configure:3507: result: /bin/sed
configure:3525: checking whether to build with code coverage support
configure:3545: result: no
configure:3908: checking whether to enable debugging
configure:3939: result: yes
configure:4012: checking for style of include used by make
configure:4040: result: GNU
configure:4111: checking for gcc
configure:4127: found /usr/bin/gcc
configure:4138: result: gcc
configure:4367: checking for C compiler version
configure:4376: gcc --version >&5
gcc (Ubuntu 7.4.0-1ubuntu1~18.04.1) 7.4.0
Copyright (C) 2017 Free Software Foundation, Inc.
This is free software; see the source for copying conditions.  There is NO
warranty; not even for MERCHANTABILITY or FITNESS FOR A PARTICULAR PURPOSE.

configure:4387: $? = 0
configure:4376: gcc -v >&5
Using built-in specs.
COLLECT_GCC=gcc
COLLECT_LTO_WRAPPER=/usr/lib/gcc/x86_64-linux-gnu/7/lto-wrapper
OFFLOAD_TARGET_NAMES=nvptx-none
OFFLOAD_TARGET_DEFAULT=1
Target: x86_64-linux-gnu
Configured with: ../src/configure -v --with-pkgversion='Ubuntu 7.4.0-1ubuntu1~18.04.1' --with-bugurl=file:///usr/share/doc/gcc-7/README.Bugs --enable-languages=c,ada,c++,go,brig,d,fortran,objc,obj-c++ --prefix=/usr --with-gcc-major-version-only --program-suffix=-7 --program-prefix=x86_64-linux-gnu- --enable-shared --enable-linker-build-id --libexecdir=/usr/lib --without-included-gettext --enable-threads=posix --libdir=/usr/lib --enable-nls --with-sysroot=/ --enable-clocale=gnu --enable-libstdcxx-debug --enable-libstdcxx-time=yes --with-default-libstdcxx-abi=new --enable-gnu-unique-object --disable-vtable-verify --enable-libmpx --enable-plugin --enable-default-pie --with-system-zlib --with-target-system-zlib --enable-objc-gc=auto --enable-multiarch --disable-werror --with-arch-32=i686 --with-abi=m64 --with-multilib-list=m32,m64,mx32 --enable-multilib --with-tune=generic --enable-offload-targets=nvptx-none --without-cuda-driver --enable-checking=release --build=x86_64-linux-gnu --host=x86_64-linux-gnu --target=x86_64-linux-gnu
Thread model: posix
gcc version 7.4.0 (Ubuntu 7.4.0-1ubuntu1~18.04.1) 
configure:4387: $? = 0
configure:4376: gcc -V >&5
gcc: error: unrecognized command line option '-V'
gcc: fatal error: no input files
compilation terminated.
configure:4387: $? = 1
configure:4376: gcc -qversion >&5
gcc: error: unrecognized command line option '-qversion'; did you mean '--version'?
gcc: fatal error: no input files
compilation terminated.
configure:4387: $? = 1
configure:4407: checking whether the C compiler works
configure:4429: gcc  -g -O0   conftest.c  >&5
configure:4433: $? = 0
configure:4481: result: yes
configure:4484: checking for C compiler default output file name
configure:4486: result: a.out
configure:4492: checking for suffix of executables
configure:4499: gcc -o conftest  -g -O0   conftest.c  >&5
configure:4503: $? = 0
configure:4525: result: 
configure:4547: checking whether we are cross compiling
configure:4555: gcc -o conftest  -g -O0   conftest.c  >&5
configure:4559: $? = 0
configure:4566: ./conftest
configure:4570: $? = 0
configure:4585: result: no
configure:4590: checking for suffix of object files
configure:4612: gcc -c  -g -O0  conftest.c >&5
configure:4616: $? = 0
configure:4637: result: o
configure:4641: checking whether we are using the GNU C compiler
configure:4660: gcc -c  -g -O0  conftest.c >&5
configure:4660: $? = 0
configure:4669: result: yes
configure:4678: checking whether gcc accepts -g
configure:4698: gcc -c -g  conftest.c >&5
configure:4698: $? = 0
configure:4739: result: yes
configure:4756: checking for gcc option to accept ISO C89
configure:4819: gcc  -c  -g -O0  conftest.c >&5
configure:4819: $? = 0
configure:4832: result: none needed
configure:4857: checking whether gcc understands -c and -o together
configure:4879: gcc -c conftest.c -o conftest2.o
configure:4882: $? = 0
configure:4879: gcc -c conftest.c -o conftest2.o
configure:4882: $? = 0
configure:4894: result: yes
configure:4913: checking dependency style of gcc
configure:5024: result: gcc3
configure:5039: checking for gcc option to accept ISO C99
configure:5188: gcc  -c  -g -O0  conftest.c >&5
configure:5188: $? = 0
configure:5201: result: none needed
configure:5224: checking how to run the C preprocessor
configure:5255: gcc -E  conftest.c
configure:5255: $? = 0
configure:5269: gcc -E  conftest.c
conftest.c:15:10: fatal error: ac_nonexistent.h: No such file or directory
 #include <ac_nonexistent.h>
          ^~~~~~~~~~~~~~~~~~
compilation terminated.
configure:5269: $? = 1
configure: failed program was:
| /* confdefs.h */
| #define PACKAGE_NAME "i3"
| #define PACKAGE_TARNAME "i3"
| #define PACKAGE_VERSION "4.16.1"
| #define PACKAGE_STRING "i3 4.16.1"
| #define PACKAGE_BUGREPORT "https://github.com/i3/i3/issues"
| #define PACKAGE_URL ""
| #define PACKAGE "i3"
| #define VERSION "4.16.1"
| #define I3_VERSION "4.16.1-184-g00181678 (2019-07-03, branch \"shape\")"
| #define MAJOR_VERSION 4
| #define MINOR_VERSION 16
| #define PATCH_VERSION 1
| /* end confdefs.h.  */
| #include <ac_nonexistent.h>
configure:5294: result: gcc -E
configure:5314: gcc -E  conftest.c
configure:5314: $? = 0
configure:5328: gcc -E  conftest.c
conftest.c:15:10: fatal error: ac_nonexistent.h: No such file or directory
 #include <ac_nonexistent.h>
          ^~~~~~~~~~~~~~~~~~
compilation terminated.
configure:5328: $? = 1
configure: failed program was:
| /* confdefs.h */
| #define PACKAGE_NAME "i3"
| #define PACKAGE_TARNAME "i3"
| #define PACKAGE_VERSION "4.16.1"
| #define PACKAGE_STRING "i3 4.16.1"
| #define PACKAGE_BUGREPORT "https://github.com/i3/i3/issues"
| #define PACKAGE_URL ""
| #define PACKAGE "i3"
| #define VERSION "4.16.1"
| #define I3_VERSION "4.16.1-184-g00181678 (2019-07-03, branch \"shape\")"
| #define MAJOR_VERSION 4
| #define MINOR_VERSION 16
| #define PATCH_VERSION 1
| /* end confdefs.h.  */
| #include <ac_nonexistent.h>
configure:5357: checking for grep that handles long lines and -e
configure:5415: result: /bin/grep
configure:5420: checking for egrep
configure:5482: result: /bin/grep -E
configure:5487: checking for ANSI C header files
configure:5507: gcc -c  -g -O0  conftest.c >&5
configure:5507: $? = 0
configure:5580: gcc -o conftest  -g -O0   conftest.c  >&5
configure:5580: $? = 0
configure:5580: ./conftest
configure:5580: $? = 0
configure:5591: result: yes
configure:5604: checking for sys/types.h
configure:5604: gcc -c  -g -O0  conftest.c >&5
configure:5604: $? = 0
configure:5604: result: yes
configure:5604: checking for sys/stat.h
configure:5604: gcc -c  -g -O0  conftest.c >&5
configure:5604: $? = 0
configure:5604: result: yes
configure:5604: checking for stdlib.h
configure:5604: gcc -c  -g -O0  conftest.c >&5
configure:5604: $? = 0
configure:5604: result: yes
configure:5604: checking for string.h
configure:5604: gcc -c  -g -O0  conftest.c >&5
configure:5604: $? = 0
configure:5604: result: yes
configure:5604: checking for memory.h
configure:5604: gcc -c  -g -O0  conftest.c >&5
configure:5604: $? = 0
configure:5604: result: yes
configure:5604: checking for strings.h
configure:5604: gcc -c  -g -O0  conftest.c >&5
configure:5604: $? = 0
configure:5604: result: yes
configure:5604: checking for inttypes.h
configure:5604: gcc -c  -g -O0  conftest.c >&5
configure:5604: $? = 0
configure:5604: result: yes
configure:5604: checking for stdint.h
configure:5604: gcc -c  -g -O0  conftest.c >&5
configure:5604: $? = 0
configure:5604: result: yes
configure:5604: checking for unistd.h
configure:5604: gcc -c  -g -O0  conftest.c >&5
configure:5604: $? = 0
configure:5604: result: yes
configure:5617: checking minix/config.h usability
configure:5617: gcc -c  -g -O0  conftest.c >&5
conftest.c:58:10: fatal error: minix/config.h: No such file or directory
 #include <minix/config.h>
          ^~~~~~~~~~~~~~~~
compilation terminated.
configure:5617: $? = 1
configure: failed program was:
| /* confdefs.h */
| #define PACKAGE_NAME "i3"
| #define PACKAGE_TARNAME "i3"
| #define PACKAGE_VERSION "4.16.1"
| #define PACKAGE_STRING "i3 4.16.1"
| #define PACKAGE_BUGREPORT "https://github.com/i3/i3/issues"
| #define PACKAGE_URL ""
| #define PACKAGE "i3"
| #define VERSION "4.16.1"
| #define I3_VERSION "4.16.1-184-g00181678 (2019-07-03, branch \"shape\")"
| #define MAJOR_VERSION 4
| #define MINOR_VERSION 16
| #define PATCH_VERSION 1
| #define STDC_HEADERS 1
| #define HAVE_SYS_TYPES_H 1
| #define HAVE_SYS_STAT_H 1
| #define HAVE_STDLIB_H 1
| #define HAVE_STRING_H 1
| #define HAVE_MEMORY_H 1
| #define HAVE_STRINGS_H 1
| #define HAVE_INTTYPES_H 1
| #define HAVE_STDINT_H 1
| #define HAVE_UNISTD_H 1
| /* end confdefs.h.  */
| #include <stdio.h>
| #ifdef HAVE_SYS_TYPES_H
| # include <sys/types.h>
| #endif
| #ifdef HAVE_SYS_STAT_H
| # include <sys/stat.h>
| #endif
| #ifdef STDC_HEADERS
| # include <stdlib.h>
| # include <stddef.h>
| #else
| # ifdef HAVE_STDLIB_H
| #  include <stdlib.h>
| # endif
| #endif
| #ifdef HAVE_STRING_H
| # if !defined STDC_HEADERS && defined HAVE_MEMORY_H
| #  include <memory.h>
| # endif
| # include <string.h>
| #endif
| #ifdef HAVE_STRINGS_H
| # include <strings.h>
| #endif
| #ifdef HAVE_INTTYPES_H
| # include <inttypes.h>
| #endif
| #ifdef HAVE_STDINT_H
| # include <stdint.h>
| #endif
| #ifdef HAVE_UNISTD_H
| # include <unistd.h>
| #endif
| #include <minix/config.h>
configure:5617: result: no
configure:5617: checking minix/config.h presence
configure:5617: gcc -E  conftest.c
conftest.c:25:10: fatal error: minix/config.h: No such file or directory
 #include <minix/config.h>
          ^~~~~~~~~~~~~~~~
compilation terminated.
configure:5617: $? = 1
configure: failed program was:
| /* confdefs.h */
| #define PACKAGE_NAME "i3"
| #define PACKAGE_TARNAME "i3"
| #define PACKAGE_VERSION "4.16.1"
| #define PACKAGE_STRING "i3 4.16.1"
| #define PACKAGE_BUGREPORT "https://github.com/i3/i3/issues"
| #define PACKAGE_URL ""
| #define PACKAGE "i3"
| #define VERSION "4.16.1"
| #define I3_VERSION "4.16.1-184-g00181678 (2019-07-03, branch \"shape\")"
| #define MAJOR_VERSION 4
| #define MINOR_VERSION 16
| #define PATCH_VERSION 1
| #define STDC_HEADERS 1
| #define HAVE_SYS_TYPES_H 1
| #define HAVE_SYS_STAT_H 1
| #define HAVE_STDLIB_H 1
| #define HAVE_STRING_H 1
| #define HAVE_MEMORY_H 1
| #define HAVE_STRINGS_H 1
| #define HAVE_INTTYPES_H 1
| #define HAVE_STDINT_H 1
| #define HAVE_UNISTD_H 1
| /* end confdefs.h.  */
| #include <minix/config.h>
configure:5617: result: no
configure:5617: checking for minix/config.h
configure:5617: result: no
configure:5638: checking whether it is safe to define __EXTENSIONS__
configure:5656: gcc -c  -g -O0  conftest.c >&5
configure:5656: $? = 0
configure:5663: result: yes
configure:5679: checking for stdbool.h that conforms to C99
configure:5746: gcc -c  -g -O0  conftest.c >&5
configure:5746: $? = 0
configure:5753: result: yes
configure:5755: checking for _Bool
configure:5755: gcc -c  -g -O0  conftest.c >&5
configure:5755: $? = 0
configure:5755: gcc -c  -g -O0  conftest.c >&5
conftest.c: In function 'main':
conftest.c:66:20: error: expected expression before ')' token
 if (sizeof ((_Bool)))
                    ^
configure:5755: $? = 1
configure: failed program was:
| /* confdefs.h */
| #define PACKAGE_NAME "i3"
| #define PACKAGE_TARNAME "i3"
| #define PACKAGE_VERSION "4.16.1"
| #define PACKAGE_STRING "i3 4.16.1"
| #define PACKAGE_BUGREPORT "https://github.com/i3/i3/issues"
| #define PACKAGE_URL ""
| #define PACKAGE "i3"
| #define VERSION "4.16.1"
| #define I3_VERSION "4.16.1-184-g00181678 (2019-07-03, branch \"shape\")"
| #define MAJOR_VERSION 4
| #define MINOR_VERSION 16
| #define PATCH_VERSION 1
| #define STDC_HEADERS 1
| #define HAVE_SYS_TYPES_H 1
| #define HAVE_SYS_STAT_H 1
| #define HAVE_STDLIB_H 1
| #define HAVE_STRING_H 1
| #define HAVE_MEMORY_H 1
| #define HAVE_STRINGS_H 1
| #define HAVE_INTTYPES_H 1
| #define HAVE_STDINT_H 1
| #define HAVE_UNISTD_H 1
| #define __EXTENSIONS__ 1
| #define _ALL_SOURCE 1
| #define _GNU_SOURCE 1
| #define _POSIX_PTHREAD_SEMANTICS 1
| #define _TANDEM_SOURCE 1
| /* end confdefs.h.  */
| #include <stdio.h>
| #ifdef HAVE_SYS_TYPES_H
| # include <sys/types.h>
| #endif
| #ifdef HAVE_SYS_STAT_H
| # include <sys/stat.h>
| #endif
| #ifdef STDC_HEADERS
| # include <stdlib.h>
| # include <stddef.h>
| #else
| # ifdef HAVE_STDLIB_H
| #  include <stdlib.h>
| # endif
| #endif
| #ifdef HAVE_STRING_H
| # if !defined STDC_HEADERS && defined HAVE_MEMORY_H
| #  include <memory.h>
| # endif
| # include <string.h>
| #endif
| #ifdef HAVE_STRINGS_H
| # include <strings.h>
| #endif
| #ifdef HAVE_INTTYPES_H
| # include <inttypes.h>
| #endif
| #ifdef HAVE_STDINT_H
| # include <stdint.h>
| #endif
| #ifdef HAVE_UNISTD_H
| # include <unistd.h>
| #endif
| int
| main ()
| {
| if (sizeof ((_Bool)))
| 	    return 0;
|   ;
|   return 0;
| }
configure:5755: result: yes
configure:5766: checking for mode_t
configure:5766: gcc -c  -g -O0  conftest.c >&5
configure:5766: $? = 0
configure:5766: gcc -c  -g -O0  conftest.c >&5
conftest.c: In function 'main':
conftest.c:67:21: error: expected expression before ')' token
 if (sizeof ((mode_t)))
                     ^
configure:5766: $? = 1
configure: failed program was:
| /* confdefs.h */
| #define PACKAGE_NAME "i3"
| #define PACKAGE_TARNAME "i3"
| #define PACKAGE_VERSION "4.16.1"
| #define PACKAGE_STRING "i3 4.16.1"
| #define PACKAGE_BUGREPORT "https://github.com/i3/i3/issues"
| #define PACKAGE_URL ""
| #define PACKAGE "i3"
| #define VERSION "4.16.1"
| #define I3_VERSION "4.16.1-184-g00181678 (2019-07-03, branch \"shape\")"
| #define MAJOR_VERSION 4
| #define MINOR_VERSION 16
| #define PATCH_VERSION 1
| #define STDC_HEADERS 1
| #define HAVE_SYS_TYPES_H 1
| #define HAVE_SYS_STAT_H 1
| #define HAVE_STDLIB_H 1
| #define HAVE_STRING_H 1
| #define HAVE_MEMORY_H 1
| #define HAVE_STRINGS_H 1
| #define HAVE_INTTYPES_H 1
| #define HAVE_STDINT_H 1
| #define HAVE_UNISTD_H 1
| #define __EXTENSIONS__ 1
| #define _ALL_SOURCE 1
| #define _GNU_SOURCE 1
| #define _POSIX_PTHREAD_SEMANTICS 1
| #define _TANDEM_SOURCE 1
| #define HAVE__BOOL 1
| /* end confdefs.h.  */
| #include <stdio.h>
| #ifdef HAVE_SYS_TYPES_H
| # include <sys/types.h>
| #endif
| #ifdef HAVE_SYS_STAT_H
| # include <sys/stat.h>
| #endif
| #ifdef STDC_HEADERS
| # include <stdlib.h>
| # include <stddef.h>
| #else
| # ifdef HAVE_STDLIB_H
| #  include <stdlib.h>
| # endif
| #endif
| #ifdef HAVE_STRING_H
| # if !defined STDC_HEADERS && defined HAVE_MEMORY_H
| #  include <memory.h>
| # endif
| # include <string.h>
| #endif
| #ifdef HAVE_STRINGS_H
| # include <strings.h>
| #endif
| #ifdef HAVE_INTTYPES_H
| # include <inttypes.h>
| #endif
| #ifdef HAVE_STDINT_H
| # include <stdint.h>
| #endif
| #ifdef HAVE_UNISTD_H
| # include <unistd.h>
| #endif
| int
| main ()
| {
| if (sizeof ((mode_t)))
| 	    return 0;
|   ;
|   return 0;
| }
configure:5766: result: yes
configure:5780: checking for off_t
configure:5780: gcc -c  -g -O0  conftest.c >&5
configure:5780: $? = 0
configure:5780: gcc -c  -g -O0  conftest.c >&5
conftest.c: In function 'main':
conftest.c:68:20: error: expected expression before ')' token
 if (sizeof ((off_t)))
                    ^
configure:5780: $? = 1
configure: failed program was:
| /* confdefs.h */
| #define PACKAGE_NAME "i3"
| #define PACKAGE_TARNAME "i3"
| #define PACKAGE_VERSION "4.16.1"
| #define PACKAGE_STRING "i3 4.16.1"
| #define PACKAGE_BUGREPORT "https://github.com/i3/i3/issues"
| #define PACKAGE_URL ""
| #define PACKAGE "i3"
| #define VERSION "4.16.1"
| #define I3_VERSION "4.16.1-184-g00181678 (2019-07-03, branch \"shape\")"
| #define MAJOR_VERSION 4
| #define MINOR_VERSION 16
| #define PATCH_VERSION 1
| #define STDC_HEADERS 1
| #define HAVE_SYS_TYPES_H 1
| #define HAVE_SYS_STAT_H 1
| #define HAVE_STDLIB_H 1
| #define HAVE_STRING_H 1
| #define HAVE_MEMORY_H 1
| #define HAVE_STRINGS_H 1
| #define HAVE_INTTYPES_H 1
| #define HAVE_STDINT_H 1
| #define HAVE_UNISTD_H 1
| #define __EXTENSIONS__ 1
| #define _ALL_SOURCE 1
| #define _GNU_SOURCE 1
| #define _POSIX_PTHREAD_SEMANTICS 1
| #define _TANDEM_SOURCE 1
| #define HAVE__BOOL 1
| #define HAVE_MODE_T 1
| /* end confdefs.h.  */
| #include <stdio.h>
| #ifdef HAVE_SYS_TYPES_H
| # include <sys/types.h>
| #endif
| #ifdef HAVE_SYS_STAT_H
| # include <sys/stat.h>
| #endif
| #ifdef STDC_HEADERS
| # include <stdlib.h>
| # include <stddef.h>
| #else
| # ifdef HAVE_STDLIB_H
| #  include <stdlib.h>
| # endif
| #endif
| #ifdef HAVE_STRING_H
| # if !defined STDC_HEADERS && defined HAVE_MEMORY_H
| #  include <memory.h>
| # endif
| # include <string.h>
| #endif
| #ifdef HAVE_STRINGS_H
| # include <strings.h>
| #endif
| #ifdef HAVE_INTTYPES_H
| # include <inttypes.h>
| #endif
| #ifdef HAVE_STDINT_H
| # include <stdint.h>
| #endif
| #ifdef HAVE_UNISTD_H
| # include <unistd.h>
| #endif
| int
| main ()
| {
| if (sizeof ((off_t)))
| 	    return 0;
|   ;
|   return 0;
| }
configure:5780: result: yes
configure:5794: checking for pid_t
configure:5794: gcc -c  -g -O0  conftest.c >&5
configure:5794: $? = 0
configure:5794: gcc -c  -g -O0  conftest.c >&5
conftest.c: In function 'main':
conftest.c:69:20: error: expected expression before ')' token
 if (sizeof ((pid_t)))
                    ^
configure:5794: $? = 1
configure: failed program was:
| /* confdefs.h */
| #define PACKAGE_NAME "i3"
| #define PACKAGE_TARNAME "i3"
| #define PACKAGE_VERSION "4.16.1"
| #define PACKAGE_STRING "i3 4.16.1"
| #define PACKAGE_BUGREPORT "https://github.com/i3/i3/issues"
| #define PACKAGE_URL ""
| #define PACKAGE "i3"
| #define VERSION "4.16.1"
| #define I3_VERSION "4.16.1-184-g00181678 (2019-07-03, branch \"shape\")"
| #define MAJOR_VERSION 4
| #define MINOR_VERSION 16
| #define PATCH_VERSION 1
| #define STDC_HEADERS 1
| #define HAVE_SYS_TYPES_H 1
| #define HAVE_SYS_STAT_H 1
| #define HAVE_STDLIB_H 1
| #define HAVE_STRING_H 1
| #define HAVE_MEMORY_H 1
| #define HAVE_STRINGS_H 1
| #define HAVE_INTTYPES_H 1
| #define HAVE_STDINT_H 1
| #define HAVE_UNISTD_H 1
| #define __EXTENSIONS__ 1
| #define _ALL_SOURCE 1
| #define _GNU_SOURCE 1
| #define _POSIX_PTHREAD_SEMANTICS 1
| #define _TANDEM_SOURCE 1
| #define HAVE__BOOL 1
| #define HAVE_MODE_T 1
| #define HAVE_OFF_T 1
| /* end confdefs.h.  */
| #include <stdio.h>
| #ifdef HAVE_SYS_TYPES_H
| # include <sys/types.h>
| #endif
| #ifdef HAVE_SYS_STAT_H
| # include <sys/stat.h>
| #endif
| #ifdef STDC_HEADERS
| # include <stdlib.h>
| # include <stddef.h>
| #else
| # ifdef HAVE_STDLIB_H
| #  include <stdlib.h>
| # endif
| #endif
| #ifdef HAVE_STRING_H
| # if !defined STDC_HEADERS && defined HAVE_MEMORY_H
| #  include <memory.h>
| # endif
| # include <string.h>
| #endif
| #ifdef HAVE_STRINGS_H
| # include <strings.h>
| #endif
| #ifdef HAVE_INTTYPES_H
| # include <inttypes.h>
| #endif
| #ifdef HAVE_STDINT_H
| # include <stdint.h>
| #endif
| #ifdef HAVE_UNISTD_H
| # include <unistd.h>
| #endif
| int
| main ()
| {
| if (sizeof ((pid_t)))
| 	    return 0;
|   ;
|   return 0;
| }
configure:5794: result: yes
configure:5808: checking for size_t
configure:5808: gcc -c  -g -O0  conftest.c >&5
configure:5808: $? = 0
configure:5808: gcc -c  -g -O0  conftest.c >&5
conftest.c: In function 'main':
conftest.c:70:21: error: expected expression before ')' token
 if (sizeof ((size_t)))
                     ^
configure:5808: $? = 1
configure: failed program was:
| /* confdefs.h */
| #define PACKAGE_NAME "i3"
| #define PACKAGE_TARNAME "i3"
| #define PACKAGE_VERSION "4.16.1"
| #define PACKAGE_STRING "i3 4.16.1"
| #define PACKAGE_BUGREPORT "https://github.com/i3/i3/issues"
| #define PACKAGE_URL ""
| #define PACKAGE "i3"
| #define VERSION "4.16.1"
| #define I3_VERSION "4.16.1-184-g00181678 (2019-07-03, branch \"shape\")"
| #define MAJOR_VERSION 4
| #define MINOR_VERSION 16
| #define PATCH_VERSION 1
| #define STDC_HEADERS 1
| #define HAVE_SYS_TYPES_H 1
| #define HAVE_SYS_STAT_H 1
| #define HAVE_STDLIB_H 1
| #define HAVE_STRING_H 1
| #define HAVE_MEMORY_H 1
| #define HAVE_STRINGS_H 1
| #define HAVE_INTTYPES_H 1
| #define HAVE_STDINT_H 1
| #define HAVE_UNISTD_H 1
| #define __EXTENSIONS__ 1
| #define _ALL_SOURCE 1
| #define _GNU_SOURCE 1
| #define _POSIX_PTHREAD_SEMANTICS 1
| #define _TANDEM_SOURCE 1
| #define HAVE__BOOL 1
| #define HAVE_MODE_T 1
| #define HAVE_OFF_T 1
| #define HAVE_PID_T 1
| /* end confdefs.h.  */
| #include <stdio.h>
| #ifdef HAVE_SYS_TYPES_H
| # include <sys/types.h>
| #endif
| #ifdef HAVE_SYS_STAT_H
| # include <sys/stat.h>
| #endif
| #ifdef STDC_HEADERS
| # include <stdlib.h>
| # include <stddef.h>
| #else
| # ifdef HAVE_STDLIB_H
| #  include <stdlib.h>
| # endif
| #endif
| #ifdef HAVE_STRING_H
| # if !defined STDC_HEADERS && defined HAVE_MEMORY_H
| #  include <memory.h>
| # endif
| # include <string.h>
| #endif
| #ifdef HAVE_STRINGS_H
| # include <strings.h>
| #endif
| #ifdef HAVE_INTTYPES_H
| # include <inttypes.h>
| #endif
| #ifdef HAVE_STDINT_H
| # include <stdint.h>
| #endif
| #ifdef HAVE_UNISTD_H
| # include <unistd.h>
| #endif
| int
| main ()
| {
| if (sizeof ((size_t)))
| 	    return 0;
|   ;
|   return 0;
| }
configure:5808: result: yes
configure:5822: checking for ssize_t
configure:5822: gcc -c  -g -O0  conftest.c >&5
configure:5822: $? = 0
configure:5822: gcc -c  -g -O0  conftest.c >&5
conftest.c: In function 'main':
conftest.c:71:22: error: expected expression before ')' token
 if (sizeof ((ssize_t)))
                      ^
configure:5822: $? = 1
configure: failed program was:
| /* confdefs.h */
| #define PACKAGE_NAME "i3"
| #define PACKAGE_TARNAME "i3"
| #define PACKAGE_VERSION "4.16.1"
| #define PACKAGE_STRING "i3 4.16.1"
| #define PACKAGE_BUGREPORT "https://github.com/i3/i3/issues"
| #define PACKAGE_URL ""
| #define PACKAGE "i3"
| #define VERSION "4.16.1"
| #define I3_VERSION "4.16.1-184-g00181678 (2019-07-03, branch \"shape\")"
| #define MAJOR_VERSION 4
| #define MINOR_VERSION 16
| #define PATCH_VERSION 1
| #define STDC_HEADERS 1
| #define HAVE_SYS_TYPES_H 1
| #define HAVE_SYS_STAT_H 1
| #define HAVE_STDLIB_H 1
| #define HAVE_STRING_H 1
| #define HAVE_MEMORY_H 1
| #define HAVE_STRINGS_H 1
| #define HAVE_INTTYPES_H 1
| #define HAVE_STDINT_H 1
| #define HAVE_UNISTD_H 1
| #define __EXTENSIONS__ 1
| #define _ALL_SOURCE 1
| #define _GNU_SOURCE 1
| #define _POSIX_PTHREAD_SEMANTICS 1
| #define _TANDEM_SOURCE 1
| #define HAVE__BOOL 1
| #define HAVE_MODE_T 1
| #define HAVE_OFF_T 1
| #define HAVE_PID_T 1
| #define HAVE_SIZE_T 1
| /* end confdefs.h.  */
| #include <stdio.h>
| #ifdef HAVE_SYS_TYPES_H
| # include <sys/types.h>
| #endif
| #ifdef HAVE_SYS_STAT_H
| # include <sys/stat.h>
| #endif
| #ifdef STDC_HEADERS
| # include <stdlib.h>
| # include <stddef.h>
| #else
| # ifdef HAVE_STDLIB_H
| #  include <stdlib.h>
| # endif
| #endif
| #ifdef HAVE_STRING_H
| # if !defined STDC_HEADERS && defined HAVE_MEMORY_H
| #  include <memory.h>
| # endif
| # include <string.h>
| #endif
| #ifdef HAVE_STRINGS_H
| # include <strings.h>
| #endif
| #ifdef HAVE_INTTYPES_H
| # include <inttypes.h>
| #endif
| #ifdef HAVE_STDINT_H
| # include <stdint.h>
| #endif
| #ifdef HAVE_UNISTD_H
| # include <unistd.h>
| #endif
| int
| main ()
| {
| if (sizeof ((ssize_t)))
| 	    return 0;
|   ;
|   return 0;
| }
configure:5822: result: yes
configure:5839: checking for pid_t
configure:5839: result: yes
configure:5852: checking vfork.h usability
configure:5852: gcc -c  -g -O0  conftest.c >&5
conftest.c:69:10: fatal error: vfork.h: No such file or directory
 #include <vfork.h>
          ^~~~~~~~~
compilation terminated.
configure:5852: $? = 1
configure: failed program was:
| /* confdefs.h */
| #define PACKAGE_NAME "i3"
| #define PACKAGE_TARNAME "i3"
| #define PACKAGE_VERSION "4.16.1"
| #define PACKAGE_STRING "i3 4.16.1"
| #define PACKAGE_BUGREPORT "https://github.com/i3/i3/issues"
| #define PACKAGE_URL ""
| #define PACKAGE "i3"
| #define VERSION "4.16.1"
| #define I3_VERSION "4.16.1-184-g00181678 (2019-07-03, branch \"shape\")"
| #define MAJOR_VERSION 4
| #define MINOR_VERSION 16
| #define PATCH_VERSION 1
| #define STDC_HEADERS 1
| #define HAVE_SYS_TYPES_H 1
| #define HAVE_SYS_STAT_H 1
| #define HAVE_STDLIB_H 1
| #define HAVE_STRING_H 1
| #define HAVE_MEMORY_H 1
| #define HAVE_STRINGS_H 1
| #define HAVE_INTTYPES_H 1
| #define HAVE_STDINT_H 1
| #define HAVE_UNISTD_H 1
| #define __EXTENSIONS__ 1
| #define _ALL_SOURCE 1
| #define _GNU_SOURCE 1
| #define _POSIX_PTHREAD_SEMANTICS 1
| #define _TANDEM_SOURCE 1
| #define HAVE__BOOL 1
| #define HAVE_MODE_T 1
| #define HAVE_OFF_T 1
| #define HAVE_PID_T 1
| #define HAVE_SIZE_T 1
| #define HAVE_SSIZE_T 1
| /* end confdefs.h.  */
| #include <stdio.h>
| #ifdef HAVE_SYS_TYPES_H
| # include <sys/types.h>
| #endif
| #ifdef HAVE_SYS_STAT_H
| # include <sys/stat.h>
| #endif
| #ifdef STDC_HEADERS
| # include <stdlib.h>
| # include <stddef.h>
| #else
| # ifdef HAVE_STDLIB_H
| #  include <stdlib.h>
| # endif
| #endif
| #ifdef HAVE_STRING_H
| # if !defined STDC_HEADERS && defined HAVE_MEMORY_H
| #  include <memory.h>
| # endif
| # include <string.h>
| #endif
| #ifdef HAVE_STRINGS_H
| # include <strings.h>
| #endif
| #ifdef HAVE_INTTYPES_H
| # include <inttypes.h>
| #endif
| #ifdef HAVE_STDINT_H
| # include <stdint.h>
| #endif
| #ifdef HAVE_UNISTD_H
| # include <unistd.h>
| #endif
| #include <vfork.h>
configure:5852: result: no
configure:5852: checking vfork.h presence
configure:5852: gcc -E  conftest.c
conftest.c:36:10: fatal error: vfork.h: No such file or directory
 #include <vfork.h>
          ^~~~~~~~~
compilation terminated.
configure:5852: $? = 1
configure: failed program was:
| /* confdefs.h */
| #define PACKAGE_NAME "i3"
| #define PACKAGE_TARNAME "i3"
| #define PACKAGE_VERSION "4.16.1"
| #define PACKAGE_STRING "i3 4.16.1"
| #define PACKAGE_BUGREPORT "https://github.com/i3/i3/issues"
| #define PACKAGE_URL ""
| #define PACKAGE "i3"
| #define VERSION "4.16.1"
| #define I3_VERSION "4.16.1-184-g00181678 (2019-07-03, branch \"shape\")"
| #define MAJOR_VERSION 4
| #define MINOR_VERSION 16
| #define PATCH_VERSION 1
| #define STDC_HEADERS 1
| #define HAVE_SYS_TYPES_H 1
| #define HAVE_SYS_STAT_H 1
| #define HAVE_STDLIB_H 1
| #define HAVE_STRING_H 1
| #define HAVE_MEMORY_H 1
| #define HAVE_STRINGS_H 1
| #define HAVE_INTTYPES_H 1
| #define HAVE_STDINT_H 1
| #define HAVE_UNISTD_H 1
| #define __EXTENSIONS__ 1
| #define _ALL_SOURCE 1
| #define _GNU_SOURCE 1
| #define _POSIX_PTHREAD_SEMANTICS 1
| #define _TANDEM_SOURCE 1
| #define HAVE__BOOL 1
| #define HAVE_MODE_T 1
| #define HAVE_OFF_T 1
| #define HAVE_PID_T 1
| #define HAVE_SIZE_T 1
| #define HAVE_SSIZE_T 1
| /* end confdefs.h.  */
| #include <vfork.h>
configure:5852: result: no
configure:5852: checking for vfork.h
configure:5852: result: no
configure:5865: checking for fork
configure:5865: gcc -o conftest  -g -O0   conftest.c  >&5
conftest.c:59:6: warning: conflicting types for built-in function 'fork' [-Wbuiltin-declaration-mismatch]
 char fork ();
      ^~~~
configure:5865: $? = 0
configure:5865: result: yes
configure:5865: checking for vfork
configure:5865: gcc -o conftest  -g -O0   conftest.c  >&5
configure:5865: $? = 0
configure:5865: result: yes
configure:5875: checking for working fork
configure:5897: gcc -o conftest  -g -O0   conftest.c  >&5
configure:5897: $? = 0
configure:5897: ./conftest
configure:5897: $? = 0
configure:5907: result: yes
configure:5928: checking for working vfork
configure:6038: result: yes
configure:6063: checking whether lstat correctly handles trailing slash
configure:6089: gcc -o conftest  -g -O0   conftest.c  >&5
configure:6089: $? = 0
configure:6089: ./conftest
configure:6089: $? = 0
configure:6106: result: yes
configure:6125: checking for working strnlen
configure:6163: gcc -o conftest  -g -O0   conftest.c  >&5
configure:6163: $? = 0
configure:6163: ./conftest
configure:6163: $? = 0
configure:6173: result: yes
configure:6185: checking for atexit
configure:6185: gcc -o conftest  -g -O0   conftest.c  >&5
configure:6185: $? = 0
configure:6185: result: yes
configure:6185: checking for dup2
configure:6185: gcc -o conftest  -g -O0   conftest.c  >&5
configure:6185: $? = 0
configure:6185: result: yes
configure:6185: checking for ftruncate
configure:6185: gcc -o conftest  -g -O0   conftest.c  >&5
configure:6185: $? = 0
configure:6185: result: yes
configure:6185: checking for getcwd
configure:6185: gcc -o conftest  -g -O0   conftest.c  >&5
configure:6185: $? = 0
configure:6185: result: yes
configure:6185: checking for gettimeofday
configure:6185: gcc -o conftest  -g -O0   conftest.c  >&5
configure:6185: $? = 0
configure:6185: result: yes
configure:6185: checking for localtime_r
configure:6185: gcc -o conftest  -g -O0   conftest.c  >&5
configure:6185: $? = 0
configure:6185: result: yes
configure:6185: checking for memchr
configure:6185: gcc -o conftest  -g -O0   conftest.c  >&5
conftest.c:70:6: warning: conflicting types for built-in function 'memchr' [-Wbuiltin-declaration-mismatch]
 char memchr ();
      ^~~~~~
configure:6185: $? = 0
configure:6185: result: yes
configure:6185: checking for memset
configure:6185: gcc -o conftest  -g -O0   conftest.c  >&5
conftest.c:71:6: warning: conflicting types for built-in function 'memset' [-Wbuiltin-declaration-mismatch]
 char memset ();
      ^~~~~~
configure:6185: $? = 0
configure:6185: result: yes
configure:6185: checking for mkdir
configure:6185: gcc -o conftest  -g -O0   conftest.c  >&5
configure:6185: $? = 0
configure:6185: result: yes
configure:6185: checking for rmdir
configure:6185: gcc -o conftest  -g -O0   conftest.c  >&5
configure:6185: $? = 0
configure:6185: result: yes
configure:6185: checking for setlocale
configure:6185: gcc -o conftest  -g -O0   conftest.c  >&5
configure:6185: $? = 0
configure:6185: result: yes
configure:6185: checking for socket
configure:6185: gcc -o conftest  -g -O0   conftest.c  >&5
configure:6185: $? = 0
configure:6185: result: yes
configure:6185: checking for strcasecmp
configure:6185: gcc -o conftest  -g -O0   conftest.c  >&5
conftest.c:76:6: warning: conflicting types for built-in function 'strcasecmp' [-Wbuiltin-declaration-mismatch]
 char strcasecmp ();
      ^~~~~~~~~~
configure:6185: $? = 0
configure:6185: result: yes
configure:6185: checking for strchr
configure:6185: gcc -o conftest  -g -O0   conftest.c  >&5
conftest.c:77:6: warning: conflicting types for built-in function 'strchr' [-Wbuiltin-declaration-mismatch]
 char strchr ();
      ^~~~~~
configure:6185: $? = 0
configure:6185: result: yes
configure:6185: checking for strdup
configure:6185: gcc -o conftest  -g -O0   conftest.c  >&5
conftest.c:78:6: warning: conflicting types for built-in function 'strdup' [-Wbuiltin-declaration-mismatch]
 char strdup ();
      ^~~~~~
configure:6185: $? = 0
configure:6185: result: yes
configure:6185: checking for strerror
configure:6185: gcc -o conftest  -g -O0   conftest.c  >&5
configure:6185: $? = 0
configure:6185: result: yes
configure:6185: checking for strncasecmp
configure:6185: gcc -o conftest  -g -O0   conftest.c  >&5
conftest.c:80:6: warning: conflicting types for built-in function 'strncasecmp' [-Wbuiltin-declaration-mismatch]
 char strncasecmp ();
      ^~~~~~~~~~~
configure:6185: $? = 0
configure:6185: result: yes
configure:6185: checking for strndup
configure:6185: gcc -o conftest  -g -O0   conftest.c  >&5
conftest.c:81:6: warning: conflicting types for built-in function 'strndup' [-Wbuiltin-declaration-mismatch]
 char strndup ();
      ^~~~~~~
configure:6185: $? = 0
configure:6185: result: yes
configure:6185: checking for strrchr
configure:6185: gcc -o conftest  -g -O0   conftest.c  >&5
conftest.c:82:6: warning: conflicting types for built-in function 'strrchr' [-Wbuiltin-declaration-mismatch]
 char strrchr ();
      ^~~~~~~
configure:6185: $? = 0
configure:6185: result: yes
configure:6185: checking for strspn
configure:6185: gcc -o conftest  -g -O0   conftest.c  >&5
conftest.c:83:6: warning: conflicting types for built-in function 'strspn' [-Wbuiltin-declaration-mismatch]
 char strspn ();
      ^~~~~~
configure:6185: $? = 0
configure:6185: result: yes
configure:6185: checking for strstr
configure:6185: gcc -o conftest  -g -O0   conftest.c  >&5
conftest.c:84:6: warning: conflicting types for built-in function 'strstr' [-Wbuiltin-declaration-mismatch]
 char strstr ();
      ^~~~~~
configure:6185: $? = 0
configure:6185: result: yes
configure:6185: checking for strtol
configure:6185: gcc -o conftest  -g -O0   conftest.c  >&5
configure:6185: $? = 0
configure:6185: result: yes
configure:6185: checking for strtoul
configure:6185: gcc -o conftest  -g -O0   conftest.c  >&5
configure:6185: $? = 0
configure:6185: result: yes
configure:6202: checking for library containing floor
configure:6233: gcc -o conftest  -g -O0   conftest.c  >&5
conftest.c:71:6: warning: conflicting types for built-in function 'floor' [-Wbuiltin-declaration-mismatch]
 char floor ();
      ^~~~~
/tmp/ccSXUoYH.o: In function `main':
/home/berrabe/i3/build/conftest.c:75: undefined reference to `floor'
collect2: error: ld returned 1 exit status
configure:6233: $? = 1
configure: failed program was:
| /* confdefs.h */
| #define PACKAGE_NAME "i3"
| #define PACKAGE_TARNAME "i3"
| #define PACKAGE_VERSION "4.16.1"
| #define PACKAGE_STRING "i3 4.16.1"
| #define PACKAGE_BUGREPORT "https://github.com/i3/i3/issues"
| #define PACKAGE_URL ""
| #define PACKAGE "i3"
| #define VERSION "4.16.1"
| #define I3_VERSION "4.16.1-184-g00181678 (2019-07-03, branch \"shape\")"
| #define MAJOR_VERSION 4
| #define MINOR_VERSION 16
| #define PATCH_VERSION 1
| #define STDC_HEADERS 1
| #define HAVE_SYS_TYPES_H 1
| #define HAVE_SYS_STAT_H 1
| #define HAVE_STDLIB_H 1
| #define HAVE_STRING_H 1
| #define HAVE_MEMORY_H 1
| #define HAVE_STRINGS_H 1
| #define HAVE_INTTYPES_H 1
| #define HAVE_STDINT_H 1
| #define HAVE_UNISTD_H 1
| #define __EXTENSIONS__ 1
| #define _ALL_SOURCE 1
| #define _GNU_SOURCE 1
| #define _POSIX_PTHREAD_SEMANTICS 1
| #define _TANDEM_SOURCE 1
| #define HAVE__BOOL 1
| #define HAVE_MODE_T 1
| #define HAVE_OFF_T 1
| #define HAVE_PID_T 1
| #define HAVE_SIZE_T 1
| #define HAVE_SSIZE_T 1
| #define HAVE_FORK 1
| #define HAVE_VFORK 1
| #define HAVE_WORKING_VFORK 1
| #define HAVE_WORKING_FORK 1
| #define LSTAT_FOLLOWS_SLASHED_SYMLINK 1
| #define HAVE_ATEXIT 1
| #define HAVE_DUP2 1
| #define HAVE_FTRUNCATE 1
| #define HAVE_GETCWD 1
| #define HAVE_GETTIMEOFDAY 1
| #define HAVE_LOCALTIME_R 1
| #define HAVE_MEMCHR 1
| #define HAVE_MEMSET 1
| #define HAVE_MKDIR 1
| #define HAVE_RMDIR 1
| #define HAVE_SETLOCALE 1
| #define HAVE_SOCKET 1
| #define HAVE_STRCASECMP 1
| #define HAVE_STRCHR 1
| #define HAVE_STRDUP 1
| #define HAVE_STRERROR 1
| #define HAVE_STRNCASECMP 1
| #define HAVE_STRNDUP 1
| #define HAVE_STRRCHR 1
| #define HAVE_STRSPN 1
| #define HAVE_STRSTR 1
| #define HAVE_STRTOL 1
| #define HAVE_STRTOUL 1
| /* end confdefs.h.  */
| 
| /* Override any GCC internal prototype to avoid an error.
|    Use char because int might match the return type of a GCC
|    builtin and then its argument prototype would still apply.  */
| #ifdef __cplusplus
| extern "C"
| #endif
| char floor ();
| int
| main ()
| {
| return floor ();
|   ;
|   return 0;
| }
configure:6233: gcc -o conftest  -g -O0   conftest.c -lm   >&5
conftest.c:71:6: warning: conflicting types for built-in function 'floor' [-Wbuiltin-declaration-mismatch]
 char floor ();
      ^~~~~
configure:6233: $? = 0
configure:6250: result: -lm
configure:6265: checking for library containing ev_run
configure:6296: gcc -o conftest  -g -O0   conftest.c -lm  >&5
/tmp/ccJ3SlUZ.o: In function `main':
/home/berrabe/i3/build/conftest.c:75: undefined reference to `ev_run'
collect2: error: ld returned 1 exit status
configure:6296: $? = 1
configure: failed program was:
| /* confdefs.h */
| #define PACKAGE_NAME "i3"
| #define PACKAGE_TARNAME "i3"
| #define PACKAGE_VERSION "4.16.1"
| #define PACKAGE_STRING "i3 4.16.1"
| #define PACKAGE_BUGREPORT "https://github.com/i3/i3/issues"
| #define PACKAGE_URL ""
| #define PACKAGE "i3"
| #define VERSION "4.16.1"
| #define I3_VERSION "4.16.1-184-g00181678 (2019-07-03, branch \"shape\")"
| #define MAJOR_VERSION 4
| #define MINOR_VERSION 16
| #define PATCH_VERSION 1
| #define STDC_HEADERS 1
| #define HAVE_SYS_TYPES_H 1
| #define HAVE_SYS_STAT_H 1
| #define HAVE_STDLIB_H 1
| #define HAVE_STRING_H 1
| #define HAVE_MEMORY_H 1
| #define HAVE_STRINGS_H 1
| #define HAVE_INTTYPES_H 1
| #define HAVE_STDINT_H 1
| #define HAVE_UNISTD_H 1
| #define __EXTENSIONS__ 1
| #define _ALL_SOURCE 1
| #define _GNU_SOURCE 1
| #define _POSIX_PTHREAD_SEMANTICS 1
| #define _TANDEM_SOURCE 1
| #define HAVE__BOOL 1
| #define HAVE_MODE_T 1
| #define HAVE_OFF_T 1
| #define HAVE_PID_T 1
| #define HAVE_SIZE_T 1
| #define HAVE_SSIZE_T 1
| #define HAVE_FORK 1
| #define HAVE_VFORK 1
| #define HAVE_WORKING_VFORK 1
| #define HAVE_WORKING_FORK 1
| #define LSTAT_FOLLOWS_SLASHED_SYMLINK 1
| #define HAVE_ATEXIT 1
| #define HAVE_DUP2 1
| #define HAVE_FTRUNCATE 1
| #define HAVE_GETCWD 1
| #define HAVE_GETTIMEOFDAY 1
| #define HAVE_LOCALTIME_R 1
| #define HAVE_MEMCHR 1
| #define HAVE_MEMSET 1
| #define HAVE_MKDIR 1
| #define HAVE_RMDIR 1
| #define HAVE_SETLOCALE 1
| #define HAVE_SOCKET 1
| #define HAVE_STRCASECMP 1
| #define HAVE_STRCHR 1
| #define HAVE_STRDUP 1
| #define HAVE_STRERROR 1
| #define HAVE_STRNCASECMP 1
| #define HAVE_STRNDUP 1
| #define HAVE_STRRCHR 1
| #define HAVE_STRSPN 1
| #define HAVE_STRSTR 1
| #define HAVE_STRTOL 1
| #define HAVE_STRTOUL 1
| /* end confdefs.h.  */
| 
| /* Override any GCC internal prototype to avoid an error.
|    Use char because int might match the return type of a GCC
|    builtin and then its argument prototype would still apply.  */
| #ifdef __cplusplus
| extern "C"
| #endif
| char ev_run ();
| int
| main ()
| {
| return ev_run ();
|   ;
|   return 0;
| }
configure:6296: gcc -o conftest  -g -O0   conftest.c -lev  -lm  >&5
configure:6296: $? = 0
configure:6313: result: -lev
configure:6327: checking for library containing shm_open
configure:6358: gcc -o conftest  -g -O0   conftest.c -lev -lm  >&5
/tmp/cclz61qb.o: In function `main':
/home/berrabe/i3/build/conftest.c:75: undefined reference to `shm_open'
collect2: error: ld returned 1 exit status
configure:6358: $? = 1
configure: failed program was:
| /* confdefs.h */
| #define PACKAGE_NAME "i3"
| #define PACKAGE_TARNAME "i3"
| #define PACKAGE_VERSION "4.16.1"
| #define PACKAGE_STRING "i3 4.16.1"
| #define PACKAGE_BUGREPORT "https://github.com/i3/i3/issues"
| #define PACKAGE_URL ""
| #define PACKAGE "i3"
| #define VERSION "4.16.1"
| #define I3_VERSION "4.16.1-184-g00181678 (2019-07-03, branch \"shape\")"
| #define MAJOR_VERSION 4
| #define MINOR_VERSION 16
| #define PATCH_VERSION 1
| #define STDC_HEADERS 1
| #define HAVE_SYS_TYPES_H 1
| #define HAVE_SYS_STAT_H 1
| #define HAVE_STDLIB_H 1
| #define HAVE_STRING_H 1
| #define HAVE_MEMORY_H 1
| #define HAVE_STRINGS_H 1
| #define HAVE_INTTYPES_H 1
| #define HAVE_STDINT_H 1
| #define HAVE_UNISTD_H 1
| #define __EXTENSIONS__ 1
| #define _ALL_SOURCE 1
| #define _GNU_SOURCE 1
| #define _POSIX_PTHREAD_SEMANTICS 1
| #define _TANDEM_SOURCE 1
| #define HAVE__BOOL 1
| #define HAVE_MODE_T 1
| #define HAVE_OFF_T 1
| #define HAVE_PID_T 1
| #define HAVE_SIZE_T 1
| #define HAVE_SSIZE_T 1
| #define HAVE_FORK 1
| #define HAVE_VFORK 1
| #define HAVE_WORKING_VFORK 1
| #define HAVE_WORKING_FORK 1
| #define LSTAT_FOLLOWS_SLASHED_SYMLINK 1
| #define HAVE_ATEXIT 1
| #define HAVE_DUP2 1
| #define HAVE_FTRUNCATE 1
| #define HAVE_GETCWD 1
| #define HAVE_GETTIMEOFDAY 1
| #define HAVE_LOCALTIME_R 1
| #define HAVE_MEMCHR 1
| #define HAVE_MEMSET 1
| #define HAVE_MKDIR 1
| #define HAVE_RMDIR 1
| #define HAVE_SETLOCALE 1
| #define HAVE_SOCKET 1
| #define HAVE_STRCASECMP 1
| #define HAVE_STRCHR 1
| #define HAVE_STRDUP 1
| #define HAVE_STRERROR 1
| #define HAVE_STRNCASECMP 1
| #define HAVE_STRNDUP 1
| #define HAVE_STRRCHR 1
| #define HAVE_STRSPN 1
| #define HAVE_STRSTR 1
| #define HAVE_STRTOL 1
| #define HAVE_STRTOUL 1
| /* end confdefs.h.  */
| 
| /* Override any GCC internal prototype to avoid an error.
|    Use char because int might match the return type of a GCC
|    builtin and then its argument prototype would still apply.  */
| #ifdef __cplusplus
| extern "C"
| #endif
| char shm_open ();
| int
| main ()
| {
| return shm_open ();
|   ;
|   return 0;
| }
configure:6358: gcc -o conftest  -g -O0   conftest.c -lrt -pthread -lev -lm  >&5
configure:6358: $? = 0
configure:6375: result: -lrt
configure:6384: checking for library containing iconv_open
configure:6415: gcc -o conftest  -g -O0   conftest.c -lrt -lev -lm  >&5
configure:6415: $? = 0
configure:6432: result: none required
configure:6686: checking whether gcc is Clang
configure:6711: result: no
configure:6834: checking whether pthreads work with -pthread
configure:6928: gcc -o conftest  -g -O0 -pthread   conftest.c  -lrt -lev -lm  >&5
configure:6928: $? = 0
configure:6937: result: yes
configure:6956: checking for joinable pthread attribute
configure:6974: gcc -o conftest  -g -O0 -pthread   conftest.c  -lrt -lev -lm  >&5
configure:6974: $? = 0
configure:6982: result: PTHREAD_CREATE_JOINABLE
configure:6996: checking whether more special flags are required for pthreads
configure:7009: result: no
configure:7017: checking for PTHREAD_PRIO_INHERIT
configure:7033: gcc -o conftest  -g -O0 -pthread   conftest.c  -lrt -lev -lm  >&5
configure:7033: $? = 0
configure:7042: result: yes
configure:7199: checking for pkg-config
configure:7217: found /usr/bin/pkg-config
configure:7229: result: /usr/bin/pkg-config
configure:7254: checking pkg-config is at least version 0.9.0
configure:7257: result: yes
configure:7267: checking for LIBSN
configure:7274: $PKG_CONFIG --exists --print-errors "libstartup-notification-1.0"
configure:7277: $? = 0
configure:7291: $PKG_CONFIG --exists --print-errors "libstartup-notification-1.0"
configure:7294: $? = 0
configure:7352: result: yes
configure:7358: checking for XCB
configure:7365: $PKG_CONFIG --exists --print-errors "xcb xcb-xkb xcb-xinerama xcb-randr xcb-shape"
configure:7368: $? = 0
configure:7382: $PKG_CONFIG --exists --print-errors "xcb xcb-xkb xcb-xinerama xcb-randr xcb-shape"
configure:7385: $? = 0
configure:7443: result: yes
configure:7449: checking for XCB_UTIL
configure:7456: $PKG_CONFIG --exists --print-errors "xcb-event xcb-util"
configure:7459: $? = 0
configure:7473: $PKG_CONFIG --exists --print-errors "xcb-event xcb-util"
configure:7476: $? = 0
configure:7534: result: yes
configure:7540: checking for XCB_UTIL_CURSOR
configure:7547: $PKG_CONFIG --exists --print-errors "xcb-cursor"
configure:7550: $? = 0
configure:7564: $PKG_CONFIG --exists --print-errors "xcb-cursor"
configure:7567: $? = 0
configure:7625: result: yes
configure:7631: checking for XCB_UTIL_KEYSYMS
configure:7638: $PKG_CONFIG --exists --print-errors "xcb-keysyms"
configure:7641: $? = 0
configure:7655: $PKG_CONFIG --exists --print-errors "xcb-keysyms"
configure:7658: $? = 0
configure:7716: result: yes
configure:7722: checking for XCB_UTIL_WM
configure:7729: $PKG_CONFIG --exists --print-errors "xcb-icccm"
configure:7732: $? = 0
configure:7746: $PKG_CONFIG --exists --print-errors "xcb-icccm"
configure:7749: $? = 0
configure:7807: result: yes
configure:7813: checking for XCB_UTIL_XRM
configure:7820: $PKG_CONFIG --exists --print-errors "xcb-xrm"
configure:7823: $? = 0
configure:7837: $PKG_CONFIG --exists --print-errors "xcb-xrm"
configure:7840: $? = 0
configure:7898: result: yes
configure:7904: checking for XKBCOMMON
configure:7911: $PKG_CONFIG --exists --print-errors "xkbcommon xkbcommon-x11"
configure:7914: $? = 0
configure:7928: $PKG_CONFIG --exists --print-errors "xkbcommon xkbcommon-x11"
configure:7931: $? = 0
configure:7989: result: yes
configure:7995: checking for YAJL
configure:8002: $PKG_CONFIG --exists --print-errors "yajl"
configure:8005: $? = 0
configure:8019: $PKG_CONFIG --exists --print-errors "yajl"
configure:8022: $? = 0
configure:8080: result: yes
configure:8086: checking for LIBPCRE
configure:8093: $PKG_CONFIG --exists --print-errors "libpcre >= 8.10"
configure:8096: $? = 0
configure:8110: $PKG_CONFIG --exists --print-errors "libpcre >= 8.10"
configure:8113: $? = 0
configure:8171: result: yes
configure:8177: checking for PANGOCAIRO
configure:8184: $PKG_CONFIG --exists --print-errors "cairo >= 1.14.4 pangocairo"
configure:8187: $? = 0
configure:8201: $PKG_CONFIG --exists --print-errors "cairo >= 1.14.4 pangocairo"
configure:8204: $? = 0
configure:8262: result: yes
configure:8268: checking for GLIBGOBJECT
configure:8275: $PKG_CONFIG --exists --print-errors "glib-2.0 gobject-2.0"
configure:8278: $? = 0
configure:8292: $PKG_CONFIG --exists --print-errors "glib-2.0 gobject-2.0"
configure:8295: $? = 0
configure:8353: result: yes
configure:8363: checking for gawk
configure:8390: result: gawk
configure:8406: checking how to run the C preprocessor
configure:8476: result: gcc -E
configure:8496: gcc -E  conftest.c
configure:8496: $? = 0
configure:8510: gcc -E  conftest.c
conftest.c:66:10: fatal error: ac_nonexistent.h: No such file or directory
 #include <ac_nonexistent.h>
          ^~~~~~~~~~~~~~~~~~
compilation terminated.
configure:8510: $? = 1
configure: failed program was:
| /* confdefs.h */
| #define PACKAGE_NAME "i3"
| #define PACKAGE_TARNAME "i3"
| #define PACKAGE_VERSION "4.16.1"
| #define PACKAGE_STRING "i3 4.16.1"
| #define PACKAGE_BUGREPORT "https://github.com/i3/i3/issues"
| #define PACKAGE_URL ""
| #define PACKAGE "i3"
| #define VERSION "4.16.1"
| #define I3_VERSION "4.16.1-184-g00181678 (2019-07-03, branch \"shape\")"
| #define MAJOR_VERSION 4
| #define MINOR_VERSION 16
| #define PATCH_VERSION 1
| #define STDC_HEADERS 1
| #define HAVE_SYS_TYPES_H 1
| #define HAVE_SYS_STAT_H 1
| #define HAVE_STDLIB_H 1
| #define HAVE_STRING_H 1
| #define HAVE_MEMORY_H 1
| #define HAVE_STRINGS_H 1
| #define HAVE_INTTYPES_H 1
| #define HAVE_STDINT_H 1
| #define HAVE_UNISTD_H 1
| #define __EXTENSIONS__ 1
| #define _ALL_SOURCE 1
| #define _GNU_SOURCE 1
| #define _POSIX_PTHREAD_SEMANTICS 1
| #define _TANDEM_SOURCE 1
| #define HAVE__BOOL 1
| #define HAVE_MODE_T 1
| #define HAVE_OFF_T 1
| #define HAVE_PID_T 1
| #define HAVE_SIZE_T 1
| #define HAVE_SSIZE_T 1
| #define HAVE_FORK 1
| #define HAVE_VFORK 1
| #define HAVE_WORKING_VFORK 1
| #define HAVE_WORKING_FORK 1
| #define LSTAT_FOLLOWS_SLASHED_SYMLINK 1
| #define HAVE_ATEXIT 1
| #define HAVE_DUP2 1
| #define HAVE_FTRUNCATE 1
| #define HAVE_GETCWD 1
| #define HAVE_GETTIMEOFDAY 1
| #define HAVE_LOCALTIME_R 1
| #define HAVE_MEMCHR 1
| #define HAVE_MEMSET 1
| #define HAVE_MKDIR 1
| #define HAVE_RMDIR 1
| #define HAVE_SETLOCALE 1
| #define HAVE_SOCKET 1
| #define HAVE_STRCASECMP 1
| #define HAVE_STRCHR 1
| #define HAVE_STRDUP 1
| #define HAVE_STRERROR 1
| #define HAVE_STRNCASECMP 1
| #define HAVE_STRNDUP 1
| #define HAVE_STRRCHR 1
| #define HAVE_STRSPN 1
| #define HAVE_STRSTR 1
| #define HAVE_STRTOL 1
| #define HAVE_STRTOUL 1
| #define HAVE_PTHREAD_PRIO_INHERIT 1
| #define HAVE_PTHREAD 1
| /* end confdefs.h.  */
| #include <ac_nonexistent.h>
configure:8539: checking whether make sets $(MAKE)
configure:8561: result: yes
configure:8613: checking for ranlib
configure:8629: found /usr/bin/ranlib
configure:8640: result: ranlib
configure:8662: checking whether ln -s works
configure:8666: result: yes
configure:8692: checking for asciidoc
configure:8710: found /usr/bin/asciidoc
configure:8722: result: /usr/bin/asciidoc
configure:8736: checking for xmlto
configure:8754: found /usr/bin/xmlto
configure:8766: result: /usr/bin/xmlto
configure:8776: checking for pod2man
configure:8794: found /usr/bin/pod2man
configure:8806: result: /usr/bin/pod2man
configure:8882: checking for ar
configure:8898: found /usr/bin/ar
configure:8909: result: ar
configure:8935: checking the archiver (ar) interface
configure:8951: gcc -c  -g -O0  conftest.c >&5
configure:8951: $? = 0
configure:8953: ar cru libconftest.a conftest.o >&5
ar: `u' modifier ignored since `D' is the default (see `U')
configure:8956: $? = 0
configure:8984: result: ar
configure:9005: checking CFLAGS for maximum warnings
configure:9025: gcc -c  -g -O0 -warn all  -warn all  conftest.c >&5
gcc: error: all: No such file or directory
gcc: error: all: No such file or directory
gcc: error: unrecognized command line option '-warn'; did you mean '--warn-'?
gcc: error: unrecognized command line option '-warn'; did you mean '--warn-'?
configure:9025: $? = 1
configure: failed program was:
| /* confdefs.h */
| #define PACKAGE_NAME "i3"
| #define PACKAGE_TARNAME "i3"
| #define PACKAGE_VERSION "4.16.1"
| #define PACKAGE_STRING "i3 4.16.1"
| #define PACKAGE_BUGREPORT "https://github.com/i3/i3/issues"
| #define PACKAGE_URL ""
| #define PACKAGE "i3"
| #define VERSION "4.16.1"
| #define I3_VERSION "4.16.1-184-g00181678 (2019-07-03, branch \"shape\")"
| #define MAJOR_VERSION 4
| #define MINOR_VERSION 16
| #define PATCH_VERSION 1
| #define STDC_HEADERS 1
| #define HAVE_SYS_TYPES_H 1
| #define HAVE_SYS_STAT_H 1
| #define HAVE_STDLIB_H 1
| #define HAVE_STRING_H 1
| #define HAVE_MEMORY_H 1
| #define HAVE_STRINGS_H 1
| #define HAVE_INTTYPES_H 1
| #define HAVE_STDINT_H 1
| #define HAVE_UNISTD_H 1
| #define __EXTENSIONS__ 1
| #define _ALL_SOURCE 1
| #define _GNU_SOURCE 1
| #define _POSIX_PTHREAD_SEMANTICS 1
| #define _TANDEM_SOURCE 1
| #define HAVE__BOOL 1
| #define HAVE_MODE_T 1
| #define HAVE_OFF_T 1
| #define HAVE_PID_T 1
| #define HAVE_SIZE_T 1
| #define HAVE_SSIZE_T 1
| #define HAVE_FORK 1
| #define HAVE_VFORK 1
| #define HAVE_WORKING_VFORK 1
| #define HAVE_WORKING_FORK 1
| #define LSTAT_FOLLOWS_SLASHED_SYMLINK 1
| #define HAVE_ATEXIT 1
| #define HAVE_DUP2 1
| #define HAVE_FTRUNCATE 1
| #define HAVE_GETCWD 1
| #define HAVE_GETTIMEOFDAY 1
| #define HAVE_LOCALTIME_R 1
| #define HAVE_MEMCHR 1
| #define HAVE_MEMSET 1
| #define HAVE_MKDIR 1
| #define HAVE_RMDIR 1
| #define HAVE_SETLOCALE 1
| #define HAVE_SOCKET 1
| #define HAVE_STRCASECMP 1
| #define HAVE_STRCHR 1
| #define HAVE_STRDUP 1
| #define HAVE_STRERROR 1
| #define HAVE_STRNCASECMP 1
| #define HAVE_STRNDUP 1
| #define HAVE_STRRCHR 1
| #define HAVE_STRSPN 1
| #define HAVE_STRSTR 1
| #define HAVE_STRTOL 1
| #define HAVE_STRTOUL 1
| #define HAVE_PTHREAD_PRIO_INHERIT 1
| #define HAVE_PTHREAD 1
| /* end confdefs.h.  */
| 
| int
| main ()
| {
| 
|   ;
|   return 0;
| }
configure:9025: gcc -c  -g -O0 -pedantic  -Wall  conftest.c >&5
configure:9025: $? = 0
configure:9033: result: -Wall
configure:9053: : CFLAGS="$CFLAGS"
configure:9056: $? = 0
configure:9074: checking whether C compiler accepts -Wunused-value
configure:9093: gcc -c  -g -O0 -Wall  -Wunused-value  conftest.c >&5
configure:9093: $? = 0
configure:9101: result: yes
configure:9128: : AM_CFLAGS="$AM_CFLAGS"
configure:9131: $? = 0
configure:9146: checking fcntl.h usability
configure:9146: gcc -c  -g -O0 -Wall  conftest.c >&5
configure:9146: $? = 0
configure:9146: result: yes
configure:9146: checking fcntl.h presence
configure:9146: gcc -E  conftest.c
configure:9146: $? = 0
configure:9146: result: yes
configure:9146: checking for fcntl.h
configure:9146: result: yes
configure:9146: checking float.h usability
configure:9146: gcc -c  -g -O0 -Wall  conftest.c >&5
configure:9146: $? = 0
configure:9146: result: yes
configure:9146: checking float.h presence
configure:9146: gcc -E  conftest.c
configure:9146: $? = 0
configure:9146: result: yes
configure:9146: checking for float.h
configure:9146: result: yes
configure:9146: checking for inttypes.h
configure:9146: result: yes
configure:9146: checking limits.h usability
configure:9146: gcc -c  -g -O0 -Wall  conftest.c >&5
configure:9146: $? = 0
configure:9146: result: yes
configure:9146: checking limits.h presence
configure:9146: gcc -E  conftest.c
configure:9146: $? = 0
configure:9146: result: yes
configure:9146: checking for limits.h
configure:9146: result: yes
configure:9146: checking locale.h usability
configure:9146: gcc -c  -g -O0 -Wall  conftest.c >&5
configure:9146: $? = 0
configure:9146: result: yes
configure:9146: checking locale.h presence
configure:9146: gcc -E  conftest.c
configure:9146: $? = 0
configure:9146: result: yes
configure:9146: checking for locale.h
configure:9146: result: yes
configure:9146: checking netinet/in.h usability
configure:9146: gcc -c  -g -O0 -Wall  conftest.c >&5
configure:9146: $? = 0
configure:9146: result: yes
configure:9146: checking netinet/in.h presence
configure:9146: gcc -E  conftest.c
configure:9146: $? = 0
configure:9146: result: yes
configure:9146: checking for netinet/in.h
configure:9146: result: yes
configure:9146: checking paths.h usability
configure:9146: gcc -c  -g -O0 -Wall  conftest.c >&5
configure:9146: $? = 0
configure:9146: result: yes
configure:9146: checking paths.h presence
configure:9146: gcc -E  conftest.c
configure:9146: $? = 0
configure:9146: result: yes
configure:9146: checking for paths.h
configure:9146: result: yes
configure:9146: checking stddef.h usability
configure:9146: gcc -c  -g -O0 -Wall  conftest.c >&5
configure:9146: $? = 0
configure:9146: result: yes
configure:9146: checking stddef.h presence
configure:9146: gcc -E  conftest.c
configure:9146: $? = 0
configure:9146: result: yes
configure:9146: checking for stddef.h
configure:9146: result: yes
configure:9146: checking for stdint.h
configure:9146: result: yes
configure:9146: checking for stdlib.h
configure:9146: result: yes
configure:9146: checking for string.h
configure:9146: result: yes
configure:9146: checking sys/param.h usability
configure:9146: gcc -c  -g -O0 -Wall  conftest.c >&5
configure:9146: $? = 0
configure:9146: result: yes
configure:9146: checking sys/param.h presence
configure:9146: gcc -E  conftest.c
configure:9146: $? = 0
configure:9146: result: yes
configure:9146: checking for sys/param.h
configure:9146: result: yes
configure:9146: checking sys/socket.h usability
configure:9146: gcc -c  -g -O0 -Wall  conftest.c >&5
configure:9146: $? = 0
configure:9146: result: yes
configure:9146: checking sys/socket.h presence
configure:9146: gcc -E  conftest.c
configure:9146: $? = 0
configure:9146: result: yes
configure:9146: checking for sys/socket.h
configure:9146: result: yes
configure:9146: checking sys/time.h usability
configure:9146: gcc -c  -g -O0 -Wall  conftest.c >&5
configure:9146: $? = 0
configure:9146: result: yes
configure:9146: checking sys/time.h presence
configure:9146: gcc -E  conftest.c
configure:9146: $? = 0
configure:9146: result: yes
configure:9146: checking for sys/time.h
configure:9146: result: yes
configure:9146: checking for unistd.h
configure:9146: result: yes
configure:10010: checking that generated files are newer than configure
configure:10016: result: done
configure:10055: creating ./config.status

## ---------------------- ##
## Running config.status. ##
## ---------------------- ##

This file was extended by i3 config.status 4.16.1, which was
generated by GNU Autoconf 2.69.  Invocation command line was

  CONFIG_FILES    = 
  CONFIG_HEADERS  = 
  CONFIG_LINKS    = 
  CONFIG_COMMANDS = 
  $ ./config.status 

on MacBook-Pro

config.status:1121: creating Makefile
config.status:1121: creating testcases/lib/i3test.pm
config.status:1121: creating man/asciidoc.conf
config.status:1121: creating testcases/complete-run.pl
config.status:1121: creating config.h
config.status:1335: executing buildir commands
config.status:1348: skipping top_srcdir/Makefile - not created
config.status:1335: executing depfiles commands

## ---------------- ##
## Cache variables. ##
## ---------------- ##

_cv_gnu_make_command=make
ac_cv_build=x86_64-pc-linux-gnu
ac_cv_c_compiler_gnu=yes
ac_cv_cflags_warn_all=-Wall
ac_cv_env_CC_set=
ac_cv_env_CC_value=
ac_cv_env_CFLAGS_set=
ac_cv_env_CFLAGS_value=
ac_cv_env_CPPFLAGS_set=
ac_cv_env_CPPFLAGS_value=
ac_cv_env_CPP_set=
ac_cv_env_CPP_value=
ac_cv_env_GLIBGOBJECT_CFLAGS_set=
ac_cv_env_GLIBGOBJECT_CFLAGS_value=
ac_cv_env_GLIBGOBJECT_LIBS_set=
ac_cv_env_GLIBGOBJECT_LIBS_value=
ac_cv_env_LDFLAGS_set=
ac_cv_env_LDFLAGS_value=
ac_cv_env_LIBPCRE_CFLAGS_set=
ac_cv_env_LIBPCRE_CFLAGS_value=
ac_cv_env_LIBPCRE_LIBS_set=
ac_cv_env_LIBPCRE_LIBS_value=
ac_cv_env_LIBSN_CFLAGS_set=
ac_cv_env_LIBSN_CFLAGS_value=
ac_cv_env_LIBSN_LIBS_set=
ac_cv_env_LIBSN_LIBS_value=
ac_cv_env_LIBS_set=
ac_cv_env_LIBS_value=
ac_cv_env_PANGOCAIRO_CFLAGS_set=
ac_cv_env_PANGOCAIRO_CFLAGS_value=
ac_cv_env_PANGOCAIRO_LIBS_set=
ac_cv_env_PANGOCAIRO_LIBS_value=
ac_cv_env_PKG_CONFIG_LIBDIR_set=
ac_cv_env_PKG_CONFIG_LIBDIR_value=
ac_cv_env_PKG_CONFIG_PATH_set=
ac_cv_env_PKG_CONFIG_PATH_value=
ac_cv_env_PKG_CONFIG_set=
ac_cv_env_PKG_CONFIG_value=
ac_cv_env_XCB_CFLAGS_set=
ac_cv_env_XCB_CFLAGS_value=
ac_cv_env_XCB_LIBS_set=
ac_cv_env_XCB_LIBS_value=
ac_cv_env_XCB_UTIL_CFLAGS_set=
ac_cv_env_XCB_UTIL_CFLAGS_value=
ac_cv_env_XCB_UTIL_CURSOR_CFLAGS_set=
ac_cv_env_XCB_UTIL_CURSOR_CFLAGS_value=
ac_cv_env_XCB_UTIL_CURSOR_LIBS_set=
ac_cv_env_XCB_UTIL_CURSOR_LIBS_value=
ac_cv_env_XCB_UTIL_KEYSYMS_CFLAGS_set=
ac_cv_env_XCB_UTIL_KEYSYMS_CFLAGS_value=
ac_cv_env_XCB_UTIL_KEYSYMS_LIBS_set=
ac_cv_env_XCB_UTIL_KEYSYMS_LIBS_value=
ac_cv_env_XCB_UTIL_LIBS_set=
ac_cv_env_XCB_UTIL_LIBS_value=
ac_cv_env_XCB_UTIL_WM_CFLAGS_set=
ac_cv_env_XCB_UTIL_WM_CFLAGS_value=
ac_cv_env_XCB_UTIL_WM_LIBS_set=
ac_cv_env_XCB_UTIL_WM_LIBS_value=
ac_cv_env_XCB_UTIL_XRM_CFLAGS_set=
ac_cv_env_XCB_UTIL_XRM_CFLAGS_value=
ac_cv_env_XCB_UTIL_XRM_LIBS_set=
ac_cv_env_XCB_UTIL_XRM_LIBS_value=
ac_cv_env_XKBCOMMON_CFLAGS_set=
ac_cv_env_XKBCOMMON_CFLAGS_value=
ac_cv_env_XKBCOMMON_LIBS_set=
ac_cv_env_XKBCOMMON_LIBS_value=
ac_cv_env_YAJL_CFLAGS_set=
ac_cv_env_YAJL_CFLAGS_value=
ac_cv_env_YAJL_LIBS_set=
ac_cv_env_YAJL_LIBS_value=
ac_cv_env_build_alias_set=
ac_cv_env_build_alias_value=
ac_cv_env_host_alias_set=
ac_cv_env_host_alias_value=
ac_cv_env_target_alias_set=
ac_cv_env_target_alias_value=
ac_cv_func_atexit=yes
ac_cv_func_dup2=yes
ac_cv_func_fork=yes
ac_cv_func_fork_works=yes
ac_cv_func_ftruncate=yes
ac_cv_func_getcwd=yes
ac_cv_func_gettimeofday=yes
ac_cv_func_localtime_r=yes
ac_cv_func_lstat_dereferences_slashed_symlink=yes
ac_cv_func_memchr=yes
ac_cv_func_memset=yes
ac_cv_func_mkdir=yes
ac_cv_func_rmdir=yes
ac_cv_func_setlocale=yes
ac_cv_func_socket=yes
ac_cv_func_strcasecmp=yes
ac_cv_func_strchr=yes
ac_cv_func_strdup=yes
ac_cv_func_strerror=yes
ac_cv_func_strncasecmp=yes
ac_cv_func_strndup=yes
ac_cv_func_strnlen_working=yes
ac_cv_func_strrchr=yes
ac_cv_func_strspn=yes
ac_cv_func_strstr=yes
ac_cv_func_strtol=yes
ac_cv_func_strtoul=yes
ac_cv_func_vfork=yes
ac_cv_func_vfork_works=yes
ac_cv_header_fcntl_h=yes
ac_cv_header_float_h=yes
ac_cv_header_inttypes_h=yes
ac_cv_header_limits_h=yes
ac_cv_header_locale_h=yes
ac_cv_header_memory_h=yes
ac_cv_header_minix_config_h=no
ac_cv_header_netinet_in_h=yes
ac_cv_header_paths_h=yes
ac_cv_header_stdbool_h=yes
ac_cv_header_stdc=yes
ac_cv_header_stddef_h=yes
ac_cv_header_stdint_h=yes
ac_cv_header_stdlib_h=yes
ac_cv_header_string_h=yes
ac_cv_header_strings_h=yes
ac_cv_header_sys_param_h=yes
ac_cv_header_sys_socket_h=yes
ac_cv_header_sys_stat_h=yes
ac_cv_header_sys_time_h=yes
ac_cv_header_sys_types_h=yes
ac_cv_header_unistd_h=yes
ac_cv_header_vfork_h=no
ac_cv_host=x86_64-pc-linux-gnu
ac_cv_objext=o
ac_cv_path_EGREP='/bin/grep -E'
ac_cv_path_GREP=/bin/grep
ac_cv_path_PATH_ASCIIDOC=/usr/bin/asciidoc
ac_cv_path_PATH_POD2MAN=/usr/bin/pod2man
ac_cv_path_PATH_XMLTO=/usr/bin/xmlto
ac_cv_path_SED=/bin/sed
ac_cv_path_ac_pt_PKG_CONFIG=/usr/bin/pkg-config
ac_cv_path_ax_enable_builddir_sed=sed
ac_cv_path_install='/usr/bin/install -c'
ac_cv_path_mkdir=/bin/mkdir
ac_cv_prog_AWK=gawk
ac_cv_prog_CPP='gcc -E'
ac_cv_prog_ac_ct_AR=ar
ac_cv_prog_ac_ct_CC=gcc
ac_cv_prog_ac_ct_RANLIB=ranlib
ac_cv_prog_cc_c89=
ac_cv_prog_cc_c99=
ac_cv_prog_cc_g=yes
ac_cv_prog_make_make_set=yes
ac_cv_safe_to_define___extensions__=yes
ac_cv_search_ev_run=-lev
ac_cv_search_floor=-lm
ac_cv_search_iconv_open='none required'
ac_cv_search_shm_open=-lrt
ac_cv_target=x86_64-pc-linux-gnu
ac_cv_type__Bool=yes
ac_cv_type_mode_t=yes
ac_cv_type_off_t=yes
ac_cv_type_pid_t=yes
ac_cv_type_size_t=yes
ac_cv_type_ssize_t=yes
am_cv_CC_dependencies_compiler_type=gcc3
am_cv_ar_interface=ar
am_cv_make_support_nested_variables=yes
am_cv_prog_cc_c_o=yes
ax_cv_PTHREAD_CLANG=no
ax_cv_PTHREAD_JOINABLE_ATTR=PTHREAD_CREATE_JOINABLE
ax_cv_PTHREAD_PRIO_INHERIT=yes
ax_cv_PTHREAD_SPECIAL_FLAGS=no
ax_cv_check_cflags___Wunused_value=yes
ax_cv_gnu_make_command=make
pkg_cv_GLIBGOBJECT_CFLAGS='-I/usr/include/glib-2.0 -I/usr/lib/x86_64-linux-gnu/glib-2.0/include'
pkg_cv_GLIBGOBJECT_LIBS='-lgobject-2.0 -lglib-2.0'
pkg_cv_LIBPCRE_CFLAGS=
pkg_cv_LIBPCRE_LIBS=-lpcre
pkg_cv_LIBSN_CFLAGS=-I/usr/include/startup-notification-1.0
pkg_cv_LIBSN_LIBS=-lstartup-notification-1
pkg_cv_PANGOCAIRO_CFLAGS='-I/usr/include/pango-1.0 -I/usr/include/harfbuzz -I/usr/include/pango-1.0 -I/usr/include/cairo -I/usr/include/glib-2.0 -I/usr/lib/x86_64-linux-gnu/glib-2.0/include -I/usr/include/pixman-1 -I/usr/include/freetype2 -I/usr/include/libpng16 -I/usr/include/freetype2 -I/usr/include/libpng16'
pkg_cv_PANGOCAIRO_LIBS='-lpangocairo-1.0 -lpango-1.0 -lgobject-2.0 -lglib-2.0 -lcairo'
pkg_cv_XCB_CFLAGS=
pkg_cv_XCB_LIBS='-lxcb -lxcb-xkb -lxcb-xinerama -lxcb-randr -lxcb-shape'
pkg_cv_XCB_UTIL_CFLAGS=
pkg_cv_XCB_UTIL_CURSOR_CFLAGS=
pkg_cv_XCB_UTIL_CURSOR_LIBS='-lxcb-cursor -lxcb'
pkg_cv_XCB_UTIL_KEYSYMS_CFLAGS=
pkg_cv_XCB_UTIL_KEYSYMS_LIBS='-lxcb-keysyms -lxcb'
pkg_cv_XCB_UTIL_LIBS='-lxcb-util -lxcb'
pkg_cv_XCB_UTIL_WM_CFLAGS=
pkg_cv_XCB_UTIL_WM_LIBS='-lxcb-icccm -lxcb'
pkg_cv_XCB_UTIL_XRM_CFLAGS=
pkg_cv_XCB_UTIL_XRM_LIBS='-lxcb-xrm -lxcb'
pkg_cv_XKBCOMMON_CFLAGS=
pkg_cv_XKBCOMMON_LIBS='-lxkbcommon-x11 -lxkbcommon'
pkg_cv_YAJL_CFLAGS=-I/usr/include/yajl
pkg_cv_YAJL_LIBS=-lyajl

## ----------------- ##
## Output variables. ##
## ----------------- ##











	$(AM_V_at)$(MAKE) $(AM_MAKEFLAGS) code-coverage-capture
	$(code_coverage_v_genhtml)LANG=C $(GENHTML) $(code_coverage_quiet) $(addprefix --prefix ,$(CODE_COVERAGE_DIRECTORY)) --output-directory "$(CODE_COVERAGE_OUTPUT_DIRECTORY)" --title "$(PACKAGE_NAME)-$(PACKAGE_VERSION) Code Coverage" --legend --show-details "$(CODE_COVERAGE_OUTPUT_FILE)" $(CODE_COVERAGE_GENHTML_OPTIONS)
	$(code_coverage_v_lcov_cap)$(LCOV) $(code_coverage_quiet) $(addprefix --directory ,$(CODE_COVERAGE_DIRECTORY)) --capture --output-file "$(CODE_COVERAGE_OUTPUT_FILE).tmp" --test-name "$(call code_coverage_sanitize,$(PACKAGE_NAME)-$(PACKAGE_VERSION))" --no-checksum --compat-libtool $(CODE_COVERAGE_LCOV_SHOPTS) $(CODE_COVERAGE_LCOV_OPTIONS)
	$(code_coverage_v_lcov_ign)$(LCOV) $(code_coverage_quiet) $(addprefix --directory ,$(CODE_COVERAGE_DIRECTORY)) --remove "$(CODE_COVERAGE_OUTPUT_FILE).tmp" "/tmp/*" $(CODE_COVERAGE_IGNORE_PATTERN) --output-file "$(CODE_COVERAGE_OUTPUT_FILE)" $(CODE_COVERAGE_LCOV_SHOPTS) $(CODE_COVERAGE_LCOV_RMOPTS)
	-$(AM_V_at)$(MAKE) $(AM_MAKEFLAGS) -k check
	-$(LCOV) --directory $(top_builddir) -z
	-@rm -f $(CODE_COVERAGE_OUTPUT_FILE).tmp
	-find . -name "*.gcda" -o -name "*.gcov" -delete
	-rm -rf $(CODE_COVERAGE_OUTPUT_FILE) $(CODE_COVERAGE_OUTPUT_FILE).tmp $(CODE_COVERAGE_OUTPUT_DIRECTORY)
	@echo "Need to reconfigure with --enable-code-coverage"
	@echo "Need to reconfigure with --enable-code-coverage"
	@echo "file://$(abs_builddir)/$(CODE_COVERAGE_OUTPUT_DIRECTORY)/index.html"
 $(CODE_COVERAGE_IGNORE_PATTERN);
 $(CODE_COVERAGE_OUTPUT_FILE);
#
#
#    $(PACKAGE_NAME)-$(PACKAGE_VERSION)-coverage)
#    $(PACKAGE_NAME)-$(PACKAGE_VERSION)-coverage.info)
#    (Default: $(top_builddir))
#    (Default: empty)
#    Multiple directories may be specified, separated by whitespace.
#    by lcov for code coverage. (Default:
#    collecting lcov instance. (Default: $CODE_COVERAGE_LCOV_OPTIONS_GCOVPATH)
#    genhtml instance. (Default: based on $CODE_COVERAGE_BRANCH_COVERAGE)
#    instance. (Default: $CODE_COVERAGE_GENHTML_OPTIONS_DEFAULT)
#    instance. (Default: $CODE_COVERAGE_LCOV_OPTIONS_DEFAULT)
#    instance. (Default: $CODE_COVERAGE_LCOV_RMOPTS_DEFAULT)
#    instances. (Default: $CODE_COVERAGE_LCOV_SHOPTS_DEFAULT)
#    instances. (Default: based on $CODE_COVERAGE_BRANCH_COVERAGE)
#    lcov instance. (Default: empty)
#    reports to be created. (Default:
#    set to 0 to disable it and leave empty to stay with the default.
#  - CODE_COVERAGE_BRANCH_COVERAGE: Set to 1 to enforce branch coverage,
#  - CODE_COVERAGE_DIRECTORY: Top-level directory for code coverage reporting.
#  - CODE_COVERAGE_GENHTML_OPTIONS: Extra options to pass to the genhtml
#  - CODE_COVERAGE_GENHTML_OPTIONS_DEFAULT: Extra options to pass to the
#  - CODE_COVERAGE_IGNORE_PATTERN: Extra glob pattern of files to ignore
#  - CODE_COVERAGE_LCOV_OPTIONS: Extra options to pass to the collecting lcov
#  - CODE_COVERAGE_LCOV_OPTIONS_DEFAULT: Extra options to pass to the
#  - CODE_COVERAGE_LCOV_OPTIONS_GCOVPATH: --gcov-tool pathtogcov
#  - CODE_COVERAGE_LCOV_RMOPTS: Extra options to pass to the filtering lcov
#  - CODE_COVERAGE_LCOV_RMOPTS_DEFAULT: Extra options to pass to the filtering
#  - CODE_COVERAGE_LCOV_SHOPTS: Extra options to shared between both lcov
#  - CODE_COVERAGE_LCOV_SHOPTS_DEFAULT: Extra options shared between both lcov
#  - CODE_COVERAGE_OUTPUT_DIRECTORY: Directory for generated code coverage
#  - CODE_COVERAGE_OUTPUT_FILE: Filename and path for the .info file generated
# $(PACKAGE_VERSION). In order to add the current git hash to the title,
# Capture code coverage data
# Code coverage
# Hook rule executed before code-coverage-capture, overridable by the user
# Optional variables
# Optional:
# The generated report will be titled using the $(PACKAGE_NAME) and
# Use recursive makes in order to ignore errors during check
# sanitizes the test-name: replaces with underscores: dashes and dots
# use the git-version-gen script, available online.
$(if $(CODE_COVERAGE_BRANCH_COVERAGE),\
'
--rc genhtml_branch_coverage=$(CODE_COVERAGE_BRANCH_COVERAGE))
--rc lcov_branch_coverage=$(CODE_COVERAGE_BRANCH_COVERAGE))
.PHONY: check-code-coverage code-coverage-capture code-coverage-capture-hook code-coverage-clean
ACLOCAL='${SHELL} /home/berrabe/i3/missing aclocal-1.15'
AMDEPBACKSLASH='\'
AMDEP_FALSE='#'
AMDEP_TRUE=''
AMTAR='$${TAR-tar}'
AM_BACKSLASH='\'
AM_CFLAGS='-Wunused-value'
AM_DEFAULT_V='$(AM_DEFAULT_VERBOSITY)'
AM_DEFAULT_VERBOSITY='0'
AM_DISTCHECK_CONFIGURE_FLAGS += --disable-code-coverage
AM_DISTCHECK_CONFIGURE_FLAGS ?=
AM_V='$(V)'
AR='ar'
AUTOCONF='${SHELL} /home/berrabe/i3/missing autoconf'
AUTOHEADER='${SHELL} /home/berrabe/i3/missing autoheader'
AUTOMAKE='${SHELL} /home/berrabe/i3/missing automake-1.15'
AWK='gawk'
AX_EXTEND_SRCDIR_CPPFLAGS='-DSTRIPPED__FILE__=\"$$(basename $<)\"'
BUILD_DOCS_FALSE='#'
BUILD_DOCS_TRUE=''
BUILD_MANS_FALSE='#'
BUILD_MANS_TRUE=''
CC='gcc'
CCDEPMODE='depmode=gcc3'
CFLAGS=' -g -O0 -Wall'
CODE_COVERAGE_BRANCH_COVERAGE ?=
CODE_COVERAGE_CFLAGS=''
CODE_COVERAGE_CPPFLAGS=''
CODE_COVERAGE_CXXFLAGS=''
CODE_COVERAGE_DIRECTORY ?= $(top_builddir)
CODE_COVERAGE_ENABLED='no'
CODE_COVERAGE_ENABLED_FALSE=''
CODE_COVERAGE_ENABLED_TRUE='#'
CODE_COVERAGE_GENHTML_OPTIONS ?= $(CODE_COVERAGE_GENHTML_OPTIONS_DEFAULTS)
CODE_COVERAGE_GENHTML_OPTIONS_DEFAULT ?=\
CODE_COVERAGE_IGNORE_PATTERN ?=
CODE_COVERAGE_LCOV_OPTIONS ?= $(CODE_COVERAGE_LCOV_OPTIONS_DEFAULT)
CODE_COVERAGE_LCOV_OPTIONS_DEFAULT ?= $(CODE_COVERAGE_LCOV_OPTIONS_GCOVPATH)
CODE_COVERAGE_LCOV_OPTIONS_GCOVPATH ?= --gcov-tool "$(GCOV)"
CODE_COVERAGE_LCOV_RMOPTS ?= $(CODE_COVERAGE_LCOV_RMOPTS_DEFAULT)
CODE_COVERAGE_LCOV_RMOPTS_DEFAULT ?=
CODE_COVERAGE_LCOV_SHOPTS ?= $(CODE_COVERAGE_LCOV_SHOPTS_DEFAULT)
CODE_COVERAGE_LCOV_SHOPTS_DEFAULT ?= $(if $(CODE_COVERAGE_BRANCH_COVERAGE),\
CODE_COVERAGE_LDFLAGS=''
CODE_COVERAGE_OUTPUT_DIRECTORY ?= $(PACKAGE_NAME)-$(PACKAGE_VERSION)-coverage
CODE_COVERAGE_OUTPUT_FILE ?= $(PACKAGE_NAME)-$(PACKAGE_VERSION)-coverage.info
CODE_COVERAGE_RULES='
CPP='gcc -E'
CPPFLAGS=''
CYGPATH_W='echo'
DEFS='-DHAVE_CONFIG_H'
DEPDIR='.deps'
ECHO_C=''
ECHO_N='-n'
ECHO_T=''
EGREP='/bin/grep -E'
EXEEXT=''
GCOV=''
GENHTML=''
GITIGNOREFILES += $(CODE_COVERAGE_OUTPUT_FILE) $(CODE_COVERAGE_OUTPUT_DIRECTORY)
GITIGNOREFILES ?=
GLIBGOBJECT_CFLAGS='-I/usr/include/glib-2.0 -I/usr/lib/x86_64-linux-gnu/glib-2.0/include'
GLIBGOBJECT_LIBS='-lgobject-2.0 -lglib-2.0'
GREP='/bin/grep'
I3_VERSION='4.16.1-184-g00181678 (2019-07-03, branch \"shape\")'
INSTALL_DATA='${INSTALL} -m 644'
INSTALL_PROGRAM='${INSTALL}'
INSTALL_SCRIPT='${INSTALL}'
INSTALL_STRIP_PROGRAM='$(install_sh) -c -s'
LCOV=''
LDFLAGS=''
LIBOBJS=''
LIBPCRE_CFLAGS=''
LIBPCRE_LIBS='-lpcre'
LIBS='-lrt -lev -lm '
LIBSN_CFLAGS='-I/usr/include/startup-notification-1.0'
LIBSN_LIBS='-lstartup-notification-1'
LN_S='ln -s'
LTLIBOBJS=''
MAINT=''
MAINTAINER_MODE_FALSE='#'
MAINTAINER_MODE_TRUE=''
MAKEINFO='${SHELL} /home/berrabe/i3/missing makeinfo'
MKDIR_P='/bin/mkdir -p'
OBJEXT='o'
PACKAGE='i3'
PACKAGE_BUGREPORT='https://github.com/i3/i3/issues'
PACKAGE_NAME='i3'
PACKAGE_STRING='i3 4.16.1'
PACKAGE_TARNAME='i3'
PACKAGE_URL=''
PACKAGE_VERSION='4.16.1'
PANGOCAIRO_CFLAGS='-I/usr/include/pango-1.0 -I/usr/include/harfbuzz -I/usr/include/pango-1.0 -I/usr/include/cairo -I/usr/include/glib-2.0 -I/usr/lib/x86_64-linux-gnu/glib-2.0/include -I/usr/include/pixman-1 -I/usr/include/freetype2 -I/usr/include/libpng16 -I/usr/include/freetype2 -I/usr/include/libpng16'
PANGOCAIRO_LIBS='-lpangocairo-1.0 -lpango-1.0 -lgobject-2.0 -lglib-2.0 -lcairo'
PATH_ASCIIDOC='/usr/bin/asciidoc'
PATH_POD2MAN='/usr/bin/pod2man'
PATH_SEPARATOR=':'
PATH_XMLTO='/usr/bin/xmlto'
PKG_CONFIG='/usr/bin/pkg-config'
PKG_CONFIG_LIBDIR=''
PKG_CONFIG_PATH=''
PTHREAD_CC='gcc'
PTHREAD_CFLAGS='-pthread'
PTHREAD_LIBS=''
RANLIB='ranlib'
SED='/bin/sed'
SET_MAKE=''
SHELL='/bin/bash'
STRIP=''
VERSION='4.16.1'
XCB_CFLAGS=''
XCB_LIBS='-lxcb -lxcb-xkb -lxcb-xinerama -lxcb-randr -lxcb-shape'
XCB_UTIL_CFLAGS=''
XCB_UTIL_CURSOR_CFLAGS=''
XCB_UTIL_CURSOR_LIBS='-lxcb-cursor -lxcb'
XCB_UTIL_KEYSYMS_CFLAGS=''
XCB_UTIL_KEYSYMS_LIBS='-lxcb-keysyms -lxcb'
XCB_UTIL_LIBS='-lxcb-util -lxcb'
XCB_UTIL_WM_CFLAGS=''
XCB_UTIL_WM_LIBS='-lxcb-icccm -lxcb'
XCB_UTIL_XRM_CFLAGS=''
XCB_UTIL_XRM_LIBS='-lxcb-xrm -lxcb'
XKBCOMMON_CFLAGS=''
XKBCOMMON_LIBS='-lxkbcommon-x11 -lxkbcommon'
YAJL_CFLAGS='-I/usr/include/yajl'
YAJL_LIBS='-lyajl'
ac_ct_AR='ar'
ac_ct_CC='gcc'
am__EXEEXT_FALSE=''
am__EXEEXT_TRUE='#'
am__fastdepCC_FALSE='#'
am__fastdepCC_TRUE=''
am__include='include'
am__isrc=' -I$(srcdir)'
am__leading_dot='.'
am__nodep='_no'
am__quote=''
am__tar='$${TAR-tar} chof - "$$tardir"'
am__untar='$${TAR-tar} xf -'
ax_enable_builddir_sed='sed'
ax_pthread_config=''
bindir='${exec_prefix}/bin'
build='x86_64-pc-linux-gnu'
build_alias=''
build_cpu='x86_64'
build_os='linux-gnu'
build_vendor='pc'
check-code-coverage:
clean: code-coverage-clean
code-coverage-capture-hook:
code-coverage-capture: code-coverage-capture-hook
code-coverage-clean:
code_coverage_quiet = $(code_coverage_quiet_$(V))
code_coverage_quiet_ = $(code_coverage_quiet_$(AM_DEFAULT_VERBOSITY))
code_coverage_quiet_0 = --quiet
code_coverage_sanitize = $(subst -,_,$(subst .,_,$(1)))
code_coverage_v_genhtml = $(code_coverage_v_genhtml_$(V))
code_coverage_v_genhtml_ = $(code_coverage_v_genhtml_$(AM_DEFAULT_VERBOSITY))
code_coverage_v_genhtml_0 = @echo "  GEN   " $(CODE_COVERAGE_OUTPUT_DIRECTORY);
code_coverage_v_lcov_cap = $(code_coverage_v_lcov_cap_$(V))
code_coverage_v_lcov_cap_ = $(code_coverage_v_lcov_cap_$(AM_DEFAULT_VERBOSITY))
code_coverage_v_lcov_cap_0 = @echo "  LCOV   --capture"\
code_coverage_v_lcov_ign = $(code_coverage_v_lcov_ign_$(V))
code_coverage_v_lcov_ign_ = $(code_coverage_v_lcov_ign_$(AM_DEFAULT_VERBOSITY))
code_coverage_v_lcov_ign_0 = @echo "  LCOV   --remove /tmp/*"\
datadir='${datarootdir}'
datarootdir='${prefix}/share'
docdir='${datarootdir}/doc/${PACKAGE_TARNAME}'
dvidir='${docdir}'
else
else
endif
endif
endif
exec_prefix='${prefix}'
host='x86_64-pc-linux-gnu'
host_alias=''
host_cpu='x86_64'
host_os='linux-gnu'
host_vendor='pc'
htmldir='${docdir}'
ifGNUmake=''
ifeq ($(CODE_COVERAGE_ENABLED),yes)
ifeq ($(CODE_COVERAGE_ENABLED),yes)
ifeq ($(CODE_COVERAGE_ENABLED),yes)
includedir='${prefix}/include'
infodir='${datarootdir}/info'
install_sh='${SHELL} /home/berrabe/i3/install-sh'
libdir='${exec_prefix}/lib'
libexecdir='${exec_prefix}/libexec'
localedir='${datarootdir}/locale'
localstatedir='${prefix}/var'
mandir='${datarootdir}/man'
mkdir_p='$(MKDIR_P)'
oldincludedir='/usr/include'
pdfdir='${docdir}'
prefix='/usr'
program_transform_name='s,x,x,'
psdir='${docdir}'
runstatedir='${localstatedir}/run'
sbindir='${exec_prefix}/sbin'
sharedstatedir='${prefix}/com'
sysconfdir='/etc'
target='x86_64-pc-linux-gnu'
target_alias=''
target_cpu='x86_64'
target_os='linux-gnu'
target_vendor='pc'

## ----------- ##
## confdefs.h. ##
## ----------- ##

/* confdefs.h */
#define PACKAGE_NAME "i3"
#define PACKAGE_TARNAME "i3"
#define PACKAGE_VERSION "4.16.1"
#define PACKAGE_STRING "i3 4.16.1"
#define PACKAGE_BUGREPORT "https://github.com/i3/i3/issues"
#define PACKAGE_URL ""
#define PACKAGE "i3"
#define VERSION "4.16.1"
#define I3_VERSION "4.16.1-184-g00181678 (2019-07-03, branch \"shape\")"
#define MAJOR_VERSION 4
#define MINOR_VERSION 16
#define PATCH_VERSION 1
#define STDC_HEADERS 1
#define HAVE_SYS_TYPES_H 1
#define HAVE_SYS_STAT_H 1
#define HAVE_STDLIB_H 1
#define HAVE_STRING_H 1
#define HAVE_MEMORY_H 1
#define HAVE_STRINGS_H 1
#define HAVE_INTTYPES_H 1
#define HAVE_STDINT_H 1
#define HAVE_UNISTD_H 1
#define __EXTENSIONS__ 1
#define _ALL_SOURCE 1
#define _GNU_SOURCE 1
#define _POSIX_PTHREAD_SEMANTICS 1
#define _TANDEM_SOURCE 1
#define HAVE__BOOL 1
#define HAVE_MODE_T 1
#define HAVE_OFF_T 1
#define HAVE_PID_T 1
#define HAVE_SIZE_T 1
#define HAVE_SSIZE_T 1
#define HAVE_FORK 1
#define HAVE_VFORK 1
#define HAVE_WORKING_VFORK 1
#define HAVE_WORKING_FORK 1
#define LSTAT_FOLLOWS_SLASHED_SYMLINK 1
#define HAVE_ATEXIT 1
#define HAVE_DUP2 1
#define HAVE_FTRUNCATE 1
#define HAVE_GETCWD 1
#define HAVE_GETTIMEOFDAY 1
#define HAVE_LOCALTIME_R 1
#define HAVE_MEMCHR 1
#define HAVE_MEMSET 1
#define HAVE_MKDIR 1
#define HAVE_RMDIR 1
#define HAVE_SETLOCALE 1
#define HAVE_SOCKET 1
#define HAVE_STRCASECMP 1
#define HAVE_STRCHR 1
#define HAVE_STRDUP 1
#define HAVE_STRERROR 1
#define HAVE_STRNCASECMP 1
#define HAVE_STRNDUP 1
#define HAVE_STRRCHR 1
#define HAVE_STRSPN 1
#define HAVE_STRSTR 1
#define HAVE_STRTOL 1
#define HAVE_STRTOUL 1
#define HAVE_PTHREAD_PRIO_INHERIT 1
#define HAVE_PTHREAD 1
#define HAVE_FCNTL_H 1
#define HAVE_FLOAT_H 1
#define HAVE_INTTYPES_H 1
#define HAVE_LIMITS_H 1
#define HAVE_LOCALE_H 1
#define HAVE_NETINET_IN_H 1
#define HAVE_PATHS_H 1
#define HAVE_STDDEF_H 1
#define HAVE_STDINT_H 1
#define HAVE_STDLIB_H 1
#define HAVE_STRING_H 1
#define HAVE_SYS_PARAM_H 1
#define HAVE_SYS_SOCKET_H 1
#define HAVE_SYS_TIME_H 1
#define HAVE_UNISTD_H 1

configure: exit 0
